<?xml version="1.0" encoding="UTF-8"?>
<coverage generated="1751991791413" clover="3.2.0">
  <project timestamp="1751991791413" name="All files">
    <metrics statements="751" coveredstatements="540" conditionals="126" coveredconditionals="117" methods="45" coveredmethods="32" elements="922" coveredelements="689" complexity="0" loc="751" ncloc="751" packages="4" files="14" classes="14"/>
    <package name="src">
      <metrics statements="231" coveredstatements="197" conditionals="26" coveredconditionals="23" methods="15" coveredmethods="9"/>
      <file name="App.tsx" path="/Users/pete/projects/games/queens/src/App.tsx">
        <metrics statements="35" coveredstatements="33" conditionals="4" coveredconditionals="4" methods="2" coveredmethods="1"/>
        <line num="1" count="1" type="stmt"/>
        <line num="2" count="1" type="stmt"/>
        <line num="3" count="1" type="stmt"/>
        <line num="4" count="1" type="stmt"/>
        <line num="6" count="1" type="cond" truecount="1" falsecount="0"/>
        <line num="7" count="2" type="cond" truecount="1" falsecount="0"/>
        <line num="8" count="2" type="stmt"/>
        <line num="9" count="2" type="stmt"/>
        <line num="11" count="2" type="cond" truecount="1" falsecount="0"/>
        <line num="12" count="2" type="stmt"/>
        <line num="13" count="0" type="stmt"/>
        <line num="14" count="0" type="stmt"/>
        <line num="15" count="2" type="stmt"/>
        <line num="16" count="2" type="cond" truecount="1" falsecount="0"/>
        <line num="17" count="2" type="stmt"/>
        <line num="19" count="2" type="stmt"/>
        <line num="20" count="2" type="stmt"/>
        <line num="21" count="2" type="stmt"/>
        <line num="22" count="2" type="stmt"/>
        <line num="24" count="2" type="stmt"/>
        <line num="25" count="2" type="stmt"/>
        <line num="26" count="2" type="stmt"/>
        <line num="27" count="2" type="stmt"/>
        <line num="28" count="2" type="stmt"/>
        <line num="29" count="2" type="stmt"/>
        <line num="30" count="2" type="stmt"/>
        <line num="31" count="2" type="stmt"/>
        <line num="33" count="2" type="stmt"/>
        <line num="35" count="2" type="stmt"/>
        <line num="36" count="2" type="stmt"/>
        <line num="37" count="2" type="stmt"/>
        <line num="38" count="2" type="stmt"/>
        <line num="39" count="2" type="stmt"/>
        <line num="40" count="2" type="stmt"/>
        <line num="42" count="2" type="stmt"/>
      </file>
      <file name="Board.tsx" path="/Users/pete/projects/games/queens/src/Board.tsx">
        <metrics statements="66" coveredstatements="43" conditionals="7" coveredconditionals="5" methods="5" coveredmethods="1"/>
        <line num="1" count="1" type="stmt"/>
        <line num="2" count="1" type="stmt"/>
        <line num="3" count="1" type="stmt"/>
        <line num="9" count="1" type="stmt"/>
        <line num="10" count="1" type="stmt"/>
        <line num="22" count="1" type="cond" truecount="1" falsecount="0"/>
        <line num="23" count="2" type="stmt"/>
        <line num="24" count="2" type="stmt"/>
        <line num="25" count="2" type="stmt"/>
        <line num="26" count="2" type="stmt"/>
        <line num="27" count="2" type="stmt"/>
        <line num="28" count="2" type="stmt"/>
        <line num="29" count="2" type="stmt"/>
        <line num="30" count="2" type="stmt"/>
        <line num="31" count="2" type="stmt"/>
        <line num="33" count="2" type="cond" truecount="1" falsecount="0"/>
        <line num="35" count="2" type="stmt"/>
        <line num="37" count="2" type="cond" truecount="1" falsecount="0"/>
        <line num="38" count="2" type="stmt"/>
        <line num="39" count="2" type="stmt"/>
        <line num="40" count="2" type="stmt"/>
        <line num="42" count="2" type="cond" truecount="1" falsecount="0"/>
        <line num="43" count="2" type="stmt"/>
        <line num="44" count="2" type="cond" truecount="0" falsecount="1"/>
        <line num="46" count="2" type="stmt"/>
        <line num="48" count="2" type="cond" truecount="1" falsecount="0"/>
        <line num="49" count="2" type="stmt"/>
        <line num="50" count="2" type="stmt"/>
        <line num="51" count="2" type="stmt"/>
        <line num="53" count="2" type="stmt"/>
        <line num="54" count="0" type="stmt"/>
        <line num="55" count="0" type="stmt"/>
        <line num="56" count="0" type="stmt"/>
        <line num="57" count="0" type="stmt"/>
        <line num="59" count="0" type="stmt"/>
        <line num="61" count="0" type="stmt"/>
        <line num="63" count="0" type="stmt"/>
        <line num="64" count="0" type="stmt"/>
        <line num="66" count="0" type="stmt"/>
        <line num="68" count="0" type="stmt"/>
        <line num="69" count="0" type="stmt"/>
        <line num="70" count="0" type="stmt"/>
        <line num="71" count="0" type="stmt"/>
        <line num="72" count="0" type="stmt"/>
        <line num="73" count="0" type="stmt"/>
        <line num="74" count="0" type="stmt"/>
        <line num="75" count="0" type="stmt"/>
        <line num="76" count="0" type="stmt"/>
        <line num="77" count="0" type="stmt"/>
        <line num="78" count="0" type="stmt"/>
        <line num="80" count="2" type="stmt"/>
        <line num="81" count="2" type="stmt"/>
        <line num="82" count="2" type="cond" truecount="0" falsecount="1"/>
        <line num="83" count="0" type="stmt"/>
        <line num="84" count="0" type="stmt"/>
        <line num="85" count="0" type="stmt"/>
        <line num="87" count="2" type="stmt"/>
        <line num="88" count="2" type="stmt"/>
        <line num="89" count="2" type="stmt"/>
        <line num="90" count="2" type="stmt"/>
        <line num="91" count="2" type="stmt"/>
        <line num="92" count="2" type="stmt"/>
        <line num="93" count="2" type="stmt"/>
        <line num="94" count="2" type="stmt"/>
        <line num="95" count="2" type="stmt"/>
        <line num="97" count="2" type="stmt"/>
      </file>
      <file name="Game.tsx" path="/Users/pete/projects/games/queens/src/Game.tsx">
        <metrics statements="121" coveredstatements="121" conditionals="14" coveredconditionals="14" methods="7" coveredmethods="7"/>
        <line num="1" count="1" type="stmt"/>
        <line num="3" count="1" type="stmt"/>
        <line num="6" count="1" type="cond" truecount="1" falsecount="0"/>
        <line num="7" count="61" type="cond" truecount="1" falsecount="0"/>
        <line num="8" count="31" type="stmt"/>
        <line num="9" count="31" type="stmt"/>
        <line num="10" count="31" type="cond" truecount="2" falsecount="0"/>
        <line num="11" count="61" type="stmt"/>
        <line num="13" count="61" type="cond" truecount="1" falsecount="0"/>
        <line num="14" count="31" type="stmt"/>
        <line num="15" count="31" type="stmt"/>
        <line num="16" count="31" type="cond" truecount="2" falsecount="0"/>
        <line num="17" count="61" type="stmt"/>
        <line num="19" count="61" type="stmt"/>
        <line num="21" count="61" type="cond" truecount="1" falsecount="0"/>
        <line num="22" count="46" type="stmt"/>
        <line num="23" count="61" type="stmt"/>
        <line num="25" count="61" type="stmt"/>
        <line num="27" count="61" type="cond" truecount="1" falsecount="0"/>
        <line num="28" count="10" type="stmt"/>
        <line num="29" count="10" type="stmt"/>
        <line num="30" count="10" type="stmt"/>
        <line num="32" count="61" type="cond" truecount="1" falsecount="0"/>
        <line num="33" count="9" type="stmt"/>
        <line num="34" count="9" type="stmt"/>
        <line num="36" count="61" type="cond" truecount="1" falsecount="0"/>
        <line num="37" count="2" type="stmt"/>
        <line num="38" count="2" type="stmt"/>
        <line num="40" count="61" type="cond" truecount="1" falsecount="0"/>
        <line num="41" count="1" type="stmt"/>
        <line num="42" count="1" type="stmt"/>
        <line num="43" count="1" type="stmt"/>
        <line num="44" count="1" type="stmt"/>
        <line num="45" count="1" type="stmt"/>
        <line num="46" count="1" type="stmt"/>
        <line num="47" count="1" type="stmt"/>
        <line num="49" count="61" type="cond" truecount="1" falsecount="0"/>
        <line num="50" count="4" type="stmt"/>
        <line num="51" count="4" type="stmt"/>
        <line num="52" count="4" type="stmt"/>
        <line num="54" count="61" type="cond" truecount="1" falsecount="0"/>
        <line num="55" count="5" type="stmt"/>
        <line num="56" count="5" type="stmt"/>
        <line num="57" count="5" type="stmt"/>
        <line num="59" count="61" type="stmt"/>
        <line num="60" count="61" type="stmt"/>
        <line num="61" count="61" type="stmt"/>
        <line num="62" count="61" type="stmt"/>
        <line num="63" count="61" type="stmt"/>
        <line num="64" count="61" type="stmt"/>
        <line num="65" count="61" type="stmt"/>
        <line num="66" count="61" type="stmt"/>
        <line num="67" count="61" type="stmt"/>
        <line num="68" count="61" type="stmt"/>
        <line num="69" count="61" type="stmt"/>
        <line num="70" count="61" type="stmt"/>
        <line num="71" count="61" type="stmt"/>
        <line num="72" count="61" type="stmt"/>
        <line num="73" count="61" type="stmt"/>
        <line num="74" count="61" type="stmt"/>
        <line num="75" count="61" type="stmt"/>
        <line num="76" count="61" type="stmt"/>
        <line num="77" count="61" type="stmt"/>
        <line num="78" count="61" type="stmt"/>
        <line num="79" count="61" type="stmt"/>
        <line num="80" count="61" type="stmt"/>
        <line num="81" count="61" type="stmt"/>
        <line num="82" count="61" type="stmt"/>
        <line num="83" count="61" type="stmt"/>
        <line num="84" count="61" type="stmt"/>
        <line num="86" count="61" type="stmt"/>
        <line num="87" count="61" type="stmt"/>
        <line num="88" count="61" type="stmt"/>
        <line num="89" count="61" type="stmt"/>
        <line num="90" count="61" type="stmt"/>
        <line num="91" count="61" type="stmt"/>
        <line num="92" count="61" type="stmt"/>
        <line num="94" count="61" type="stmt"/>
        <line num="95" count="61" type="stmt"/>
        <line num="96" count="61" type="stmt"/>
        <line num="97" count="61" type="stmt"/>
        <line num="98" count="61" type="stmt"/>
        <line num="99" count="61" type="stmt"/>
        <line num="100" count="61" type="stmt"/>
        <line num="101" count="61" type="stmt"/>
        <line num="102" count="61" type="stmt"/>
        <line num="103" count="61" type="stmt"/>
        <line num="105" count="61" type="stmt"/>
        <line num="106" count="61" type="stmt"/>
        <line num="107" count="61" type="stmt"/>
        <line num="108" count="61" type="stmt"/>
        <line num="109" count="61" type="stmt"/>
        <line num="110" count="61" type="stmt"/>
        <line num="111" count="61" type="stmt"/>
        <line num="113" count="61" type="stmt"/>
        <line num="114" count="61" type="stmt"/>
        <line num="115" count="61" type="stmt"/>
        <line num="116" count="61" type="stmt"/>
        <line num="117" count="61" type="stmt"/>
        <line num="118" count="61" type="stmt"/>
        <line num="119" count="61" type="stmt"/>
        <line num="120" count="61" type="stmt"/>
        <line num="121" count="61" type="stmt"/>
        <line num="122" count="61" type="stmt"/>
        <line num="124" count="61" type="stmt"/>
        <line num="125" count="61" type="stmt"/>
        <line num="126" count="61" type="stmt"/>
        <line num="127" count="61" type="stmt"/>
        <line num="128" count="61" type="stmt"/>
        <line num="129" count="61" type="stmt"/>
        <line num="130" count="61" type="stmt"/>
        <line num="132" count="61" type="stmt"/>
        <line num="133" count="61" type="stmt"/>
        <line num="134" count="61" type="stmt"/>
        <line num="135" count="61" type="stmt"/>
        <line num="136" count="61" type="stmt"/>
        <line num="137" count="61" type="stmt"/>
        <line num="138" count="61" type="stmt"/>
        <line num="139" count="61" type="stmt"/>
        <line num="140" count="61" type="stmt"/>
        <line num="142" count="61" type="stmt"/>
      </file>
      <file name="main.tsx" path="/Users/pete/projects/games/queens/src/main.tsx">
        <metrics statements="9" coveredstatements="0" conditionals="1" coveredconditionals="0" methods="1" coveredmethods="0"/>
        <line num="1" count="0" type="cond" truecount="0" falsecount="1"/>
        <line num="2" count="0" type="stmt"/>
        <line num="3" count="0" type="stmt"/>
        <line num="4" count="0" type="stmt"/>
        <line num="6" count="0" type="stmt"/>
        <line num="7" count="0" type="stmt"/>
        <line num="8" count="0" type="stmt"/>
        <line num="9" count="0" type="stmt"/>
        <line num="10" count="0" type="stmt"/>
      </file>
    </package>
    <package name="src.draw">
      <metrics statements="267" coveredstatements="95" conditionals="12" coveredconditionals="10" methods="10" coveredmethods="3"/>
      <file name="draw-board.ts" path="/Users/pete/projects/games/queens/src/draw/draw-board.ts">
        <metrics statements="247" coveredstatements="92" conditionals="12" coveredconditionals="10" methods="9" coveredmethods="3"/>
        <line num="1" count="1" type="stmt"/>
        <line num="2" count="1" type="stmt"/>
        <line num="5" count="1" type="stmt"/>
        <line num="9" count="1" type="stmt"/>
        <line num="11" count="1" type="stmt"/>
        <line num="13" count="1" type="stmt"/>
        <line num="15" count="1" type="stmt"/>
        <line num="16" count="1" type="stmt"/>
        <line num="17" count="1" type="stmt"/>
        <line num="18" count="1" type="stmt"/>
        <line num="19" count="1" type="stmt"/>
        <line num="20" count="1" type="stmt"/>
        <line num="21" count="1" type="stmt"/>
        <line num="22" count="1" type="stmt"/>
        <line num="23" count="1" type="stmt"/>
        <line num="24" count="1" type="stmt"/>
        <line num="25" count="1" type="stmt"/>
        <line num="26" count="1" type="stmt"/>
        <line num="27" count="1" type="stmt"/>
        <line num="28" count="1" type="stmt"/>
        <line num="29" count="1" type="stmt"/>
        <line num="30" count="1" type="stmt"/>
        <line num="31" count="1" type="stmt"/>
        <line num="32" count="1" type="stmt"/>
        <line num="34" count="1" type="stmt"/>
        <line num="36" count="1" type="stmt"/>
        <line num="37" count="0" type="stmt"/>
        <line num="38" count="0" type="stmt"/>
        <line num="39" count="0" type="stmt"/>
        <line num="40" count="0" type="stmt"/>
        <line num="41" count="0" type="stmt"/>
        <line num="42" count="0" type="stmt"/>
        <line num="43" count="0" type="stmt"/>
        <line num="44" count="0" type="stmt"/>
        <line num="45" count="0" type="stmt"/>
        <line num="46" count="0" type="stmt"/>
        <line num="47" count="0" type="stmt"/>
        <line num="48" count="0" type="stmt"/>
        <line num="49" count="0" type="stmt"/>
        <line num="50" count="0" type="stmt"/>
        <line num="51" count="0" type="stmt"/>
        <line num="52" count="0" type="stmt"/>
        <line num="53" count="0" type="stmt"/>
        <line num="54" count="0" type="stmt"/>
        <line num="55" count="0" type="stmt"/>
        <line num="56" count="0" type="stmt"/>
        <line num="57" count="0" type="stmt"/>
        <line num="59" count="1" type="stmt"/>
        <line num="60" count="0" type="stmt"/>
        <line num="61" count="0" type="stmt"/>
        <line num="62" count="0" type="stmt"/>
        <line num="63" count="0" type="stmt"/>
        <line num="64" count="0" type="stmt"/>
        <line num="65" count="0" type="stmt"/>
        <line num="66" count="0" type="stmt"/>
        <line num="67" count="0" type="stmt"/>
        <line num="68" count="0" type="stmt"/>
        <line num="70" count="0" type="stmt"/>
        <line num="72" count="0" type="stmt"/>
        <line num="74" count="0" type="stmt"/>
        <line num="75" count="0" type="stmt"/>
        <line num="76" count="0" type="stmt"/>
        <line num="77" count="0" type="stmt"/>
        <line num="78" count="0" type="stmt"/>
        <line num="79" count="0" type="stmt"/>
        <line num="81" count="0" type="stmt"/>
        <line num="82" count="0" type="stmt"/>
        <line num="83" count="0" type="stmt"/>
        <line num="84" count="0" type="stmt"/>
        <line num="85" count="0" type="stmt"/>
        <line num="86" count="0" type="stmt"/>
        <line num="87" count="0" type="stmt"/>
        <line num="88" count="0" type="stmt"/>
        <line num="89" count="0" type="stmt"/>
        <line num="91" count="0" type="stmt"/>
        <line num="92" count="0" type="stmt"/>
        <line num="93" count="0" type="stmt"/>
        <line num="94" count="0" type="stmt"/>
        <line num="95" count="0" type="stmt"/>
        <line num="96" count="0" type="stmt"/>
        <line num="97" count="0" type="stmt"/>
        <line num="98" count="0" type="stmt"/>
        <line num="99" count="0" type="stmt"/>
        <line num="100" count="0" type="stmt"/>
        <line num="101" count="0" type="stmt"/>
        <line num="102" count="0" type="stmt"/>
        <line num="103" count="1" type="stmt"/>
        <line num="104" count="0" type="stmt"/>
        <line num="105" count="0" type="stmt"/>
        <line num="106" count="0" type="stmt"/>
        <line num="107" count="0" type="stmt"/>
        <line num="108" count="0" type="stmt"/>
        <line num="109" count="0" type="stmt"/>
        <line num="110" count="0" type="stmt"/>
        <line num="111" count="0" type="stmt"/>
        <line num="112" count="0" type="stmt"/>
        <line num="113" count="0" type="stmt"/>
        <line num="115" count="1" type="cond" truecount="1" falsecount="0"/>
        <line num="116" count="16" type="stmt"/>
        <line num="117" count="16" type="stmt"/>
        <line num="118" count="16" type="stmt"/>
        <line num="119" count="16" type="stmt"/>
        <line num="120" count="16" type="stmt"/>
        <line num="121" count="16" type="stmt"/>
        <line num="124" count="16" type="cond" truecount="1" falsecount="0"/>
        <line num="125" count="128" type="stmt"/>
        <line num="127" count="128" type="cond" truecount="2" falsecount="0"/>
        <line num="128" count="52" type="stmt"/>
        <line num="129" count="52" type="stmt"/>
        <line num="130" count="52" type="stmt"/>
        <line num="131" count="52" type="stmt"/>
        <line num="132" count="52" type="stmt"/>
        <line num="134" count="128" type="cond" truecount="1" falsecount="0"/>
        <line num="135" count="58" type="stmt"/>
        <line num="136" count="58" type="stmt"/>
        <line num="137" count="58" type="stmt"/>
        <line num="138" count="58" type="stmt"/>
        <line num="139" count="58" type="stmt"/>
        <line num="140" count="128" type="stmt"/>
        <line num="141" count="16" type="stmt"/>
        <line num="143" count="1" type="stmt"/>
        <line num="144" count="0" type="stmt"/>
        <line num="145" count="0" type="stmt"/>
        <line num="146" count="0" type="stmt"/>
        <line num="147" count="0" type="stmt"/>
        <line num="148" count="0" type="stmt"/>
        <line num="149" count="0" type="stmt"/>
        <line num="151" count="0" type="stmt"/>
        <line num="152" count="0" type="stmt"/>
        <line num="153" count="0" type="stmt"/>
        <line num="154" count="0" type="stmt"/>
        <line num="155" count="0" type="stmt"/>
        <line num="156" count="0" type="stmt"/>
        <line num="158" count="0" type="stmt"/>
        <line num="159" count="0" type="stmt"/>
        <line num="160" count="0" type="stmt"/>
        <line num="161" count="0" type="stmt"/>
        <line num="162" count="0" type="stmt"/>
        <line num="164" count="0" type="stmt"/>
        <line num="165" count="0" type="stmt"/>
        <line num="166" count="0" type="stmt"/>
        <line num="167" count="0" type="stmt"/>
        <line num="168" count="0" type="stmt"/>
        <line num="170" count="0" type="stmt"/>
        <line num="171" count="0" type="stmt"/>
        <line num="172" count="0" type="stmt"/>
        <line num="173" count="0" type="stmt"/>
        <line num="174" count="0" type="stmt"/>
        <line num="176" count="0" type="stmt"/>
        <line num="177" count="0" type="stmt"/>
        <line num="178" count="0" type="stmt"/>
        <line num="180" count="0" type="stmt"/>
        <line num="181" count="0" type="stmt"/>
        <line num="182" count="0" type="stmt"/>
        <line num="183" count="0" type="stmt"/>
        <line num="184" count="0" type="stmt"/>
        <line num="185" count="0" type="stmt"/>
        <line num="187" count="0" type="stmt"/>
        <line num="188" count="0" type="stmt"/>
        <line num="190" count="1" type="stmt"/>
        <line num="191" count="0" type="stmt"/>
        <line num="192" count="0" type="stmt"/>
        <line num="193" count="0" type="stmt"/>
        <line num="194" count="0" type="stmt"/>
        <line num="195" count="0" type="stmt"/>
        <line num="196" count="0" type="stmt"/>
        <line num="197" count="0" type="stmt"/>
        <line num="200" count="0" type="stmt"/>
        <line num="201" count="0" type="stmt"/>
        <line num="202" count="0" type="stmt"/>
        <line num="203" count="0" type="stmt"/>
        <line num="204" count="0" type="stmt"/>
        <line num="205" count="0" type="stmt"/>
        <line num="206" count="0" type="stmt"/>
        <line num="207" count="0" type="stmt"/>
        <line num="208" count="0" type="stmt"/>
        <line num="209" count="0" type="stmt"/>
        <line num="210" count="0" type="stmt"/>
        <line num="211" count="0" type="stmt"/>
        <line num="213" count="0" type="stmt"/>
        <line num="214" count="0" type="stmt"/>
        <line num="215" count="0" type="stmt"/>
        <line num="216" count="0" type="stmt"/>
        <line num="217" count="0" type="stmt"/>
        <line num="218" count="0" type="stmt"/>
        <line num="219" count="0" type="stmt"/>
        <line num="220" count="0" type="stmt"/>
        <line num="221" count="0" type="stmt"/>
        <line num="222" count="0" type="stmt"/>
        <line num="224" count="1" type="cond" truecount="1" falsecount="0"/>
        <line num="225" count="2" type="stmt"/>
        <line num="226" count="2" type="stmt"/>
        <line num="227" count="2" type="stmt"/>
        <line num="228" count="2" type="stmt"/>
        <line num="229" count="2" type="stmt"/>
        <line num="230" count="2" type="stmt"/>
        <line num="231" count="2" type="cond" truecount="1" falsecount="0"/>
        <line num="233" count="18" type="stmt"/>
        <line num="234" count="18" type="stmt"/>
        <line num="235" count="18" type="stmt"/>
        <line num="236" count="18" type="stmt"/>
        <line num="239" count="18" type="stmt"/>
        <line num="240" count="18" type="stmt"/>
        <line num="241" count="18" type="stmt"/>
        <line num="242" count="18" type="stmt"/>
        <line num="243" count="18" type="stmt"/>
        <line num="244" count="2" type="stmt"/>
        <line num="246" count="1" type="cond" truecount="1" falsecount="0"/>
        <line num="247" count="2" type="stmt"/>
        <line num="248" count="2" type="stmt"/>
        <line num="249" count="2" type="stmt"/>
        <line num="250" count="2" type="stmt"/>
        <line num="251" count="2" type="stmt"/>
        <line num="252" count="2" type="stmt"/>
        <line num="254" count="2" type="stmt"/>
        <line num="255" count="2" type="stmt"/>
        <line num="256" count="2" type="stmt"/>
        <line num="258" count="2" type="cond" truecount="1" falsecount="0"/>
        <line num="259" count="128" type="stmt"/>
        <line num="260" count="128" type="stmt"/>
        <line num="261" count="128" type="cond" truecount="0" falsecount="2"/>
        <line num="262" count="0" type="stmt"/>
        <line num="263" count="0" type="stmt"/>
        <line num="264" count="0" type="stmt"/>
        <line num="265" count="128" type="stmt"/>
        <line num="267" count="2" type="cond" truecount="1" falsecount="0"/>
        <line num="268" count="16" type="stmt"/>
        <line num="269" count="16" type="stmt"/>
        <line num="271" count="2" type="stmt"/>
        <line num="272" count="2" type="stmt"/>
        <line num="274" count="1" type="stmt"/>
        <line num="275" count="0" type="stmt"/>
        <line num="276" count="0" type="stmt"/>
        <line num="277" count="0" type="stmt"/>
        <line num="278" count="0" type="stmt"/>
        <line num="279" count="0" type="stmt"/>
        <line num="280" count="0" type="stmt"/>
        <line num="281" count="0" type="stmt"/>
        <line num="282" count="0" type="stmt"/>
        <line num="284" count="0" type="stmt"/>
        <line num="285" count="0" type="stmt"/>
        <line num="286" count="0" type="stmt"/>
        <line num="288" count="0" type="stmt"/>
        <line num="289" count="0" type="stmt"/>
        <line num="290" count="0" type="stmt"/>
        <line num="292" count="0" type="stmt"/>
        <line num="293" count="0" type="stmt"/>
      </file>
      <file name="draw-crown.ts" path="/Users/pete/projects/games/queens/src/draw/draw-crown.ts">
        <metrics statements="20" coveredstatements="3" conditionals="0" coveredconditionals="0" methods="1" coveredmethods="0"/>
        <line num="1" count="1" type="stmt"/>
        <line num="23" count="1" type="stmt"/>
        <line num="25" count="1" type="stmt"/>
        <line num="26" count="0" type="stmt"/>
        <line num="27" count="0" type="stmt"/>
        <line num="28" count="0" type="stmt"/>
        <line num="29" count="0" type="stmt"/>
        <line num="30" count="0" type="stmt"/>
        <line num="31" count="0" type="stmt"/>
        <line num="32" count="0" type="stmt"/>
        <line num="34" count="0" type="stmt"/>
        <line num="35" count="0" type="stmt"/>
        <line num="37" count="0" type="stmt"/>
        <line num="38" count="0" type="stmt"/>
        <line num="39" count="0" type="stmt"/>
        <line num="40" count="0" type="stmt"/>
        <line num="41" count="0" type="stmt"/>
        <line num="42" count="0" type="stmt"/>
        <line num="43" count="0" type="stmt"/>
        <line num="44" count="0" type="stmt"/>
      </file>
    </package>
    <package name="src.model">
      <metrics statements="198" coveredstatements="198" conditionals="73" coveredconditionals="73" methods="12" coveredmethods="12"/>
      <file name="board.ts" path="/Users/pete/projects/games/queens/src/model/board.ts">
        <metrics statements="98" coveredstatements="98" conditionals="30" coveredconditionals="30" methods="6" coveredmethods="6"/>
        <line num="1" count="1" type="stmt"/>
        <line num="2" count="1" type="stmt"/>
        <line num="4" count="1" type="stmt"/>
        <line num="6" count="1" type="cond" truecount="1" falsecount="0"/>
        <line num="7" count="300" type="stmt"/>
        <line num="8" count="300" type="cond" truecount="1" falsecount="0"/>
        <line num="9" count="1140" type="cond" truecount="2" falsecount="0"/>
        <line num="10" count="259" type="stmt"/>
        <line num="11" count="259" type="cond" truecount="1" falsecount="0"/>
        <line num="12" count="881" type="stmt"/>
        <line num="13" count="881" type="cond" truecount="1" falsecount="0"/>
        <line num="14" count="41" type="stmt"/>
        <line num="15" count="41" type="stmt"/>
        <line num="17" count="1" type="cond" truecount="1" falsecount="0"/>
        <line num="18" count="41" type="stmt"/>
        <line num="20" count="41" type="cond" truecount="1" falsecount="0"/>
        <line num="22" count="41" type="cond" truecount="1" falsecount="0"/>
        <line num="23" count="300" type="stmt"/>
        <line num="24" count="41" type="stmt"/>
        <line num="26" count="41" type="stmt"/>
        <line num="27" count="41" type="stmt"/>
        <line num="29" count="1" type="cond" truecount="1" falsecount="0"/>
        <line num="30" count="1406" type="stmt"/>
        <line num="31" count="1406" type="stmt"/>
        <line num="32" count="1406" type="stmt"/>
        <line num="33" count="1406" type="stmt"/>
        <line num="34" count="1406" type="stmt"/>
        <line num="35" count="1406" type="cond" truecount="1" falsecount="0"/>
        <line num="36" count="1180" type="stmt"/>
        <line num="37" count="1180" type="stmt"/>
        <line num="38" count="1406" type="cond" truecount="1" falsecount="0"/>
        <line num="39" count="1180" type="stmt"/>
        <line num="40" count="1180" type="stmt"/>
        <line num="41" count="1406" type="cond" truecount="1" falsecount="0"/>
        <line num="42" count="1180" type="stmt"/>
        <line num="43" count="1180" type="stmt"/>
        <line num="44" count="1406" type="cond" truecount="1" falsecount="0"/>
        <line num="45" count="1180" type="stmt"/>
        <line num="46" count="1180" type="stmt"/>
        <line num="48" count="1406" type="stmt"/>
        <line num="49" count="1406" type="stmt"/>
        <line num="51" count="1" type="cond" truecount="1" falsecount="0"/>
        <line num="52" count="38" type="stmt"/>
        <line num="54" count="38" type="stmt"/>
        <line num="56" count="38" type="stmt"/>
        <line num="58" count="38" type="stmt"/>
        <line num="60" count="38" type="cond" truecount="1" falsecount="0"/>
        <line num="61" count="226" type="stmt"/>
        <line num="62" count="226" type="stmt"/>
        <line num="63" count="226" type="cond" truecount="1" falsecount="0"/>
        <line num="64" count="752" type="stmt"/>
        <line num="65" count="226" type="stmt"/>
        <line num="66" count="38" type="stmt"/>
        <line num="68" count="38" type="cond" truecount="1" falsecount="0"/>
        <line num="69" count="1180" type="stmt"/>
        <line num="70" count="1180" type="stmt"/>
        <line num="72" count="1180" type="stmt"/>
        <line num="73" count="1180" type="stmt"/>
        <line num="75" count="1180" type="stmt"/>
        <line num="76" count="1180" type="cond" truecount="1" falsecount="0"/>
        <line num="77" count="1180" type="stmt"/>
        <line num="79" count="1180" type="stmt"/>
        <line num="81" count="1180" type="stmt"/>
        <line num="83" count="1180" type="stmt"/>
        <line num="85" count="1180" type="cond" truecount="1" falsecount="0"/>
        <line num="86" count="3968" type="cond" truecount="1" falsecount="0"/>
        <line num="87" count="1608" type="stmt"/>
        <line num="88" count="1608" type="stmt"/>
        <line num="89" count="1180" type="stmt"/>
        <line num="90" count="1180" type="stmt"/>
        <line num="92" count="38" type="cond" truecount="1" falsecount="0"/>
        <line num="93" count="1406" type="stmt"/>
        <line num="94" count="1406" type="stmt"/>
        <line num="95" count="1406" type="stmt"/>
        <line num="96" count="1406" type="stmt"/>
        <line num="97" count="38" type="stmt"/>
        <line num="99" count="38" type="stmt"/>
        <line num="100" count="38" type="stmt"/>
        <line num="102" count="1" type="cond" truecount="1" falsecount="0"/>
        <line num="103" count="35" type="stmt"/>
        <line num="105" count="35" type="cond" truecount="1" falsecount="0"/>
        <line num="106" count="1216" type="stmt"/>
        <line num="107" count="1216" type="cond" truecount="1" falsecount="0"/>
        <line num="108" count="1216" type="stmt"/>
        <line num="109" count="1216" type="cond" truecount="1" falsecount="0"/>
        <line num="110" count="1216" type="stmt"/>
        <line num="111" count="1216" type="cond" truecount="1" falsecount="0"/>
        <line num="112" count="1216" type="cond" truecount="1" falsecount="0"/>
        <line num="113" count="1216" type="stmt"/>
        <line num="114" count="1216" type="stmt"/>
        <line num="116" count="35" type="cond" truecount="1" falsecount="0"/>
        <line num="117" count="34" type="stmt"/>
        <line num="119" count="1" type="cond" truecount="1" falsecount="0"/>
        <line num="120" count="34" type="stmt"/>
        <line num="121" count="34" type="stmt"/>
        <line num="122" count="34" type="stmt"/>
        <line num="123" count="34" type="stmt"/>
        <line num="124" count="34" type="stmt"/>
      </file>
      <file name="grid.ts" path="/Users/pete/projects/games/queens/src/model/grid.ts">
        <metrics statements="15" coveredstatements="15" conditionals="8" coveredconditionals="8" methods="3" coveredmethods="3"/>
        <line num="3" count="1" type="cond" truecount="1" falsecount="0"/>
        <line num="4" count="118" type="stmt"/>
        <line num="5" count="118" type="stmt"/>
        <line num="7" count="118" type="cond" truecount="1" falsecount="0"/>
        <line num="8" count="707" type="cond" truecount="1" falsecount="0"/>
        <line num="9" count="118" type="stmt"/>
        <line num="11" count="1" type="cond" truecount="1" falsecount="0"/>
        <line num="12" count="80" type="cond" truecount="1" falsecount="0"/>
        <line num="14" count="1" type="cond" truecount="1" falsecount="0"/>
        <line num="15" count="39" type="cond" truecount="1" falsecount="0"/>
        <line num="16" count="228" type="cond" truecount="1" falsecount="0"/>
        <line num="17" count="1394" type="stmt"/>
        <line num="18" count="1394" type="stmt"/>
        <line num="19" count="228" type="stmt"/>
        <line num="20" count="39" type="stmt"/>
      </file>
      <file name="rules.ts" path="/Users/pete/projects/games/queens/src/model/rules.ts">
        <metrics statements="72" coveredstatements="72" conditionals="33" coveredconditionals="33" methods="1" coveredmethods="1"/>
        <line num="1" count="1" type="stmt"/>
        <line num="19" count="1" type="cond" truecount="1" falsecount="0"/>
        <line num="20" count="29" type="stmt"/>
        <line num="21" count="29" type="stmt"/>
        <line num="22" count="29" type="stmt"/>
        <line num="23" count="29" type="stmt"/>
        <line num="24" count="29" type="stmt"/>
        <line num="25" count="29" type="stmt"/>
        <line num="26" count="29" type="stmt"/>
        <line num="28" count="29" type="stmt"/>
        <line num="29" count="29" type="stmt"/>
        <line num="31" count="29" type="cond" truecount="1" falsecount="0"/>
        <line num="32" count="163" type="stmt"/>
        <line num="33" count="163" type="cond" truecount="1" falsecount="0"/>
        <line num="34" count="955" type="stmt"/>
        <line num="35" count="955" type="cond" truecount="1" falsecount="0"/>
        <line num="36" count="83" type="stmt"/>
        <line num="37" count="83" type="cond" truecount="1" falsecount="0"/>
        <line num="38" count="83" type="cond" truecount="1" falsecount="0"/>
        <line num="39" count="83" type="cond" truecount="1" falsecount="0"/>
        <line num="40" count="83" type="stmt"/>
        <line num="41" count="83" type="cond" truecount="1" falsecount="0"/>
        <line num="42" count="33" type="stmt"/>
        <line num="43" count="33" type="stmt"/>
        <line num="44" count="83" type="stmt"/>
        <line num="45" count="955" type="cond" truecount="2" falsecount="0"/>
        <line num="46" count="842" type="stmt"/>
        <line num="47" count="842" type="stmt"/>
        <line num="48" count="955" type="stmt"/>
        <line num="49" count="163" type="stmt"/>
        <line num="51" count="29" type="stmt"/>
        <line num="52" count="29" type="cond" truecount="1" falsecount="0"/>
        <line num="53" count="29" type="cond" truecount="1" falsecount="0"/>
        <line num="54" count="29" type="stmt"/>
        <line num="55" count="29" type="cond" truecount="1" falsecount="0"/>
        <line num="56" count="29" type="cond" truecount="1" falsecount="0"/>
        <line num="58" count="29" type="stmt"/>
        <line num="60" count="29" type="cond" truecount="1" falsecount="0"/>
        <line num="61" count="67" type="stmt"/>
        <line num="62" count="67" type="cond" truecount="1" falsecount="0"/>
        <line num="63" count="83" type="stmt"/>
        <line num="64" count="83" type="cond" truecount="2" falsecount="0"/>
        <line num="65" count="63" type="cond" truecount="2" falsecount="0"/>
        <line num="66" count="56" type="cond" truecount="2" falsecount="0"/>
        <line num="67" count="48" type="cond" truecount="1" falsecount="0"/>
        <line num="68" count="83" type="cond" truecount="1" falsecount="0"/>
        <line num="69" count="47" type="stmt"/>
        <line num="70" count="47" type="stmt"/>
        <line num="71" count="67" type="stmt"/>
        <line num="72" count="67" type="stmt"/>
        <line num="73" count="67" type="stmt"/>
        <line num="74" count="29" type="stmt"/>
        <line num="76" count="29" type="stmt"/>
        <line num="77" count="29" type="cond" truecount="1" falsecount="0"/>
        <line num="78" count="21" type="cond" truecount="1" falsecount="0"/>
        <line num="79" count="19" type="cond" truecount="1" falsecount="0"/>
        <line num="80" count="14" type="stmt"/>
        <line num="81" count="29" type="cond" truecount="1" falsecount="0"/>
        <line num="82" count="12" type="cond" truecount="1" falsecount="0"/>
        <line num="83" count="1" type="cond" truecount="1" falsecount="0"/>
        <line num="84" count="11" type="cond" truecount="1" falsecount="0"/>
        <line num="85" count="5" type="cond" truecount="1" falsecount="0"/>
        <line num="86" count="6" type="stmt"/>
        <line num="87" count="12" type="cond" truecount="1" falsecount="0"/>
        <line num="89" count="17" type="stmt"/>
        <line num="90" count="17" type="stmt"/>
        <line num="91" count="17" type="stmt"/>
        <line num="92" count="17" type="stmt"/>
        <line num="93" count="17" type="stmt"/>
        <line num="94" count="17" type="stmt"/>
        <line num="95" count="17" type="stmt"/>
        <line num="96" count="17" type="stmt"/>
      </file>
      <file name="selected.ts" path="/Users/pete/projects/games/queens/src/model/selected.ts">
        <metrics statements="13" coveredstatements="13" conditionals="2" coveredconditionals="2" methods="2" coveredmethods="2"/>
        <line num="1" count="1" type="stmt"/>
        <line num="8" count="1" type="cond" truecount="1" falsecount="0"/>
        <line num="9" count="42" type="stmt"/>
        <line num="11" count="1" type="cond" truecount="1" falsecount="0"/>
        <line num="12" count="5" type="stmt"/>
        <line num="13" count="5" type="stmt"/>
        <line num="14" count="5" type="stmt"/>
        <line num="15" count="5" type="stmt"/>
        <line num="16" count="5" type="stmt"/>
        <line num="17" count="5" type="stmt"/>
        <line num="18" count="5" type="stmt"/>
        <line num="19" count="5" type="stmt"/>
        <line num="20" count="5" type="stmt"/>
      </file>
      <file name="types.ts" path="/Users/pete/projects/games/queens/src/model/types.ts">
        <metrics statements="0" coveredstatements="0" conditionals="0" coveredconditionals="0" methods="0" coveredmethods="0"/>
      </file>
    </package>
    <package name="src.utils">
      <metrics statements="55" coveredstatements="50" conditionals="15" coveredconditionals="11" methods="8" coveredmethods="8"/>
      <file name="lcg.ts" path="/Users/pete/projects/games/queens/src/utils/lcg.ts">
        <metrics statements="23" coveredstatements="19" conditionals="5" coveredconditionals="3" methods="3" coveredmethods="3"/>
        <line num="1" count="1" type="stmt"/>
        <line num="2" count="1" type="stmt"/>
        <line num="3" count="1" type="stmt"/>
        <line num="5" count="1" type="cond" truecount="1" falsecount="0"/>
        <line num="6" count="45" type="cond" truecount="0" falsecount="1"/>
        <line num="7" count="0" type="stmt"/>
        <line num="8" count="0" type="stmt"/>
        <line num="9" count="45" type="cond" truecount="0" falsecount="1"/>
        <line num="10" count="0" type="stmt"/>
        <line num="11" count="0" type="stmt"/>
        <line num="13" count="45" type="stmt"/>
        <line num="15" count="45" type="cond" truecount="1" falsecount="0"/>
        <line num="16" count="4244" type="stmt"/>
        <line num="17" count="4244" type="stmt"/>
        <line num="18" count="4244" type="stmt"/>
        <line num="19" count="4244" type="stmt"/>
        <line num="21" count="45" type="cond" truecount="1" falsecount="0"/>
        <line num="22" count="4244" type="stmt"/>
        <line num="24" count="45" type="stmt"/>
        <line num="25" count="45" type="stmt"/>
        <line num="26" count="45" type="stmt"/>
        <line num="27" count="45" type="stmt"/>
        <line num="28" count="45" type="stmt"/>
      </file>
      <file name="random.ts" path="/Users/pete/projects/games/queens/src/utils/random.ts">
        <metrics statements="32" coveredstatements="31" conditionals="9" coveredconditionals="7" methods="4" coveredmethods="4"/>
        <line num="1" count="1" type="stmt"/>
        <line num="4" count="1" type="cond" truecount="1" falsecount="0"/>
        <line num="5" count="79" type="cond" truecount="0" falsecount="1"/>
        <line num="6" count="79" type="stmt"/>
        <line num="7" count="79" type="stmt"/>
        <line num="8" count="79" type="stmt"/>
        <line num="9" count="79" type="stmt"/>
        <line num="10" count="79" type="stmt"/>
        <line num="11" count="79" type="stmt"/>
        <line num="13" count="1" type="cond" truecount="1" falsecount="0"/>
        <line num="14" count="237" type="cond" truecount="0" falsecount="1"/>
        <line num="15" count="237" type="cond" truecount="1" falsecount="0"/>
        <line num="16" count="237" type="stmt"/>
        <line num="18" count="1" type="cond" truecount="1" falsecount="0"/>
        <line num="19" count="158" type="stmt"/>
        <line num="21" count="158" type="cond" truecount="1" falsecount="0"/>
        <line num="22" count="341" type="stmt"/>
        <line num="24" count="341" type="cond" truecount="1" falsecount="0"/>
        <line num="25" count="1884" type="stmt"/>
        <line num="26" count="1884" type="stmt"/>
        <line num="27" count="1884" type="stmt"/>
        <line num="28" count="1884" type="stmt"/>
        <line num="29" count="1884" type="stmt"/>
        <line num="30" count="1884" type="stmt"/>
        <line num="32" count="341" type="stmt"/>
        <line num="33" count="341" type="stmt"/>
        <line num="34" count="158" type="stmt"/>
        <line num="36" count="1" type="cond" truecount="1" falsecount="0"/>
        <line num="37" count="79" type="stmt"/>
        <line num="38" count="79" type="stmt"/>
        <line num="39" count="0" type="stmt"/>
        <line num="40" count="79" type="stmt"/>
      </file>
      <file name="types.ts" path="/Users/pete/projects/games/queens/src/utils/types.ts">
        <metrics statements="0" coveredstatements="0" conditionals="1" coveredconditionals="1" methods="1" coveredmethods="1"/>
      </file>
    </package>
  </project>
</coverage>
