{"/Users/pete/projects/games/queens/src/App.tsx": {"path":"/Users/pete/projects/games/queens/src/App.tsx","all":false,"statementMap":{"0":{"start":{"line":1,"column":0},"end":{"line":1,"column":29}},"1":{"start":{"line":2,"column":0},"end":{"line":2,"column":19}},"2":{"start":{"line":3,"column":0},"end":{"line":3,"column":30}},"3":{"start":{"line":4,"column":0},"end":{"line":4,"column":44}},"5":{"start":{"line":6,"column":0},"end":{"line":6,"column":23}},"6":{"start":{"line":7,"column":0},"end":{"line":7,"column":60}},"7":{"start":{"line":8,"column":0},"end":{"line":8,"column":41}},"8":{"start":{"line":9,"column":0},"end":{"line":9,"column":4}},"10":{"start":{"line":11,"column":0},"end":{"line":11,"column":19}},"11":{"start":{"line":12,"column":0},"end":{"line":12,"column":32}},"12":{"start":{"line":13,"column":0},"end":{"line":13,"column":59}},"13":{"start":{"line":14,"column":0},"end":{"line":14,"column":6}},"14":{"start":{"line":15,"column":0},"end":{"line":15,"column":52}},"15":{"start":{"line":16,"column":0},"end":{"line":16,"column":68}},"16":{"start":{"line":17,"column":0},"end":{"line":17,"column":9}},"18":{"start":{"line":19,"column":0},"end":{"line":19,"column":10}},"19":{"start":{"line":20,"column":0},"end":{"line":20,"column":114}},"20":{"start":{"line":21,"column":0},"end":{"line":21,"column":64}},"21":{"start":{"line":22,"column":0},"end":{"line":22,"column":72}},"23":{"start":{"line":24,"column":0},"end":{"line":24,"column":50}},"24":{"start":{"line":25,"column":0},"end":{"line":25,"column":30}},"25":{"start":{"line":26,"column":0},"end":{"line":26,"column":12}},"26":{"start":{"line":27,"column":0},"end":{"line":27,"column":57}},"27":{"start":{"line":28,"column":0},"end":{"line":28,"column":82}},"28":{"start":{"line":29,"column":0},"end":{"line":29,"column":27}},"29":{"start":{"line":30,"column":0},"end":{"line":30,"column":37}},"30":{"start":{"line":31,"column":0},"end":{"line":31,"column":11}},"32":{"start":{"line":33,"column":0},"end":{"line":33,"column":19}},"34":{"start":{"line":35,"column":0},"end":{"line":35,"column":12}},"35":{"start":{"line":36,"column":0},"end":{"line":36,"column":52}},"36":{"start":{"line":37,"column":0},"end":{"line":37,"column":37}},"37":{"start":{"line":38,"column":0},"end":{"line":38,"column":14}},"38":{"start":{"line":39,"column":0},"end":{"line":39,"column":12}},"39":{"start":{"line":40,"column":0},"end":{"line":40,"column":14}},"41":{"start":{"line":42,"column":0},"end":{"line":42,"column":1}}},"s":{"0":1,"1":1,"2":1,"3":1,"5":1,"6":2,"7":2,"8":2,"10":2,"11":2,"12":0,"13":0,"14":2,"15":2,"16":2,"18":2,"19":2,"20":2,"21":2,"23":2,"24":2,"25":2,"26":2,"27":2,"28":2,"29":2,"30":2,"32":2,"34":2,"35":2,"36":2,"37":2,"38":2,"39":2,"41":2},"branchMap":{"0":{"type":"branch","line":6,"loc":{"start":{"line":6,"column":7},"end":{"line":42,"column":1}},"locations":[{"start":{"line":6,"column":7},"end":{"line":42,"column":1}}]},"1":{"type":"branch","line":7,"loc":{"start":{"line":7,"column":55},"end":{"line":8,"column":41}},"locations":[{"start":{"line":7,"column":55},"end":{"line":8,"column":41}}]},"2":{"type":"branch","line":11,"loc":{"start":{"line":11,"column":12},"end":{"line":17,"column":5}},"locations":[{"start":{"line":11,"column":12},"end":{"line":17,"column":5}}]},"3":{"type":"branch","line":16,"loc":{"start":{"line":16,"column":11},"end":{"line":16,"column":68}},"locations":[{"start":{"line":16,"column":11},"end":{"line":16,"column":68}}]}},"b":{"0":[2],"1":[2],"2":[2],"3":[2]},"fnMap":{"0":{"name":"App","decl":{"start":{"line":6,"column":7},"end":{"line":42,"column":1}},"loc":{"start":{"line":6,"column":7},"end":{"line":42,"column":1}},"line":6},"1":{"name":"handleResize","decl":{"start":{"line":12,"column":25},"end":{"line":14,"column":6}},"loc":{"start":{"line":12,"column":25},"end":{"line":14,"column":6}},"line":12}},"f":{"0":2,"1":0}}
,"/Users/pete/projects/games/queens/src/Board.tsx": {"path":"/Users/pete/projects/games/queens/src/Board.tsx","all":false,"statementMap":{"0":{"start":{"line":1,"column":0},"end":{"line":1,"column":75}},"1":{"start":{"line":2,"column":0},"end":{"line":2,"column":46}},"2":{"start":{"line":3,"column":0},"end":{"line":3,"column":8}},"8":{"start":{"line":9,"column":0},"end":{"line":9,"column":76}},"9":{"start":{"line":10,"column":0},"end":{"line":10,"column":50}},"21":{"start":{"line":22,"column":0},"end":{"line":22,"column":40}},"22":{"start":{"line":23,"column":0},"end":{"line":23,"column":7}},"23":{"start":{"line":24,"column":0},"end":{"line":24,"column":8}},"24":{"start":{"line":25,"column":0},"end":{"line":25,"column":20}},"25":{"start":{"line":26,"column":0},"end":{"line":26,"column":22}},"26":{"start":{"line":27,"column":0},"end":{"line":27,"column":21}},"27":{"start":{"line":28,"column":0},"end":{"line":28,"column":23}},"28":{"start":{"line":29,"column":0},"end":{"line":29,"column":7}},"29":{"start":{"line":30,"column":0},"end":{"line":30,"column":52}},"30":{"start":{"line":31,"column":0},"end":{"line":31,"column":56}},"32":{"start":{"line":33,"column":0},"end":{"line":33,"column":71}},"34":{"start":{"line":35,"column":0},"end":{"line":35,"column":50}},"36":{"start":{"line":37,"column":0},"end":{"line":37,"column":19}},"37":{"start":{"line":38,"column":0},"end":{"line":38,"column":46}},"38":{"start":{"line":39,"column":0},"end":{"line":39,"column":21}},"39":{"start":{"line":40,"column":0},"end":{"line":40,"column":19}},"41":{"start":{"line":42,"column":0},"end":{"line":42,"column":25}},"42":{"start":{"line":43,"column":0},"end":{"line":43,"column":49}},"43":{"start":{"line":44,"column":0},"end":{"line":44,"column":21}},"45":{"start":{"line":46,"column":0},"end":{"line":46,"column":33}},"47":{"start":{"line":48,"column":0},"end":{"line":48,"column":18}},"48":{"start":{"line":49,"column":0},"end":{"line":49,"column":48}},"49":{"start":{"line":50,"column":0},"end":{"line":50,"column":6}},"50":{"start":{"line":51,"column":0},"end":{"line":51,"column":27}},"52":{"start":{"line":53,"column":0},"end":{"line":53,"column":71}},"53":{"start":{"line":54,"column":0},"end":{"line":54,"column":23}},"54":{"start":{"line":55,"column":0},"end":{"line":55,"column":49}},"55":{"start":{"line":56,"column":0},"end":{"line":56,"column":21}},"56":{"start":{"line":57,"column":0},"end":{"line":57,"column":63}},"58":{"start":{"line":59,"column":0},"end":{"line":59,"column":58}},"60":{"start":{"line":61,"column":0},"end":{"line":61,"column":51}},"62":{"start":{"line":63,"column":0},"end":{"line":63,"column":33}},"63":{"start":{"line":64,"column":0},"end":{"line":64,"column":57}},"65":{"start":{"line":66,"column":0},"end":{"line":66,"column":68}},"67":{"start":{"line":68,"column":0},"end":{"line":68,"column":39}},"68":{"start":{"line":69,"column":0},"end":{"line":69,"column":22}},"69":{"start":{"line":70,"column":0},"end":{"line":70,"column":17}},"70":{"start":{"line":71,"column":0},"end":{"line":71,"column":47}},"71":{"start":{"line":72,"column":0},"end":{"line":72,"column":18}},"72":{"start":{"line":73,"column":0},"end":{"line":73,"column":47}},"73":{"start":{"line":74,"column":0},"end":{"line":74,"column":16}},"74":{"start":{"line":75,"column":0},"end":{"line":75,"column":47}},"75":{"start":{"line":76,"column":0},"end":{"line":76,"column":56}},"76":{"start":{"line":77,"column":0},"end":{"line":77,"column":5}},"77":{"start":{"line":78,"column":0},"end":{"line":78,"column":4}},"79":{"start":{"line":80,"column":0},"end":{"line":80,"column":10}},"80":{"start":{"line":81,"column":0},"end":{"line":81,"column":82}},"81":{"start":{"line":82,"column":0},"end":{"line":82,"column":18}},"82":{"start":{"line":83,"column":0},"end":{"line":83,"column":115}},"83":{"start":{"line":84,"column":0},"end":{"line":84,"column":28}},"84":{"start":{"line":85,"column":0},"end":{"line":85,"column":14}},"86":{"start":{"line":87,"column":0},"end":{"line":87,"column":13}},"87":{"start":{"line":88,"column":0},"end":{"line":88,"column":25}},"88":{"start":{"line":89,"column":0},"end":{"line":89,"column":114}},"89":{"start":{"line":90,"column":0},"end":{"line":90,"column":29}},"90":{"start":{"line":91,"column":0},"end":{"line":91,"column":20}},"91":{"start":{"line":92,"column":0},"end":{"line":92,"column":21}},"92":{"start":{"line":93,"column":0},"end":{"line":93,"column":22}},"93":{"start":{"line":94,"column":0},"end":{"line":94,"column":16}},"94":{"start":{"line":95,"column":0},"end":{"line":95,"column":10}},"96":{"start":{"line":97,"column":0},"end":{"line":97,"column":2}}},"s":{"0":1,"1":1,"2":1,"8":1,"9":1,"21":1,"22":2,"23":2,"24":2,"25":2,"26":2,"27":2,"28":2,"29":2,"30":2,"32":2,"34":2,"36":2,"37":2,"38":2,"39":2,"41":2,"42":2,"43":2,"45":2,"47":2,"48":2,"49":2,"50":2,"52":2,"53":0,"54":0,"55":0,"56":0,"58":0,"60":0,"62":0,"63":0,"65":0,"67":0,"68":0,"69":0,"70":0,"71":0,"72":0,"73":0,"74":0,"75":0,"76":0,"77":0,"79":2,"80":2,"81":2,"82":0,"83":0,"84":0,"86":2,"87":2,"88":2,"89":2,"90":2,"91":2,"92":2,"93":2,"94":2,"96":2},"branchMap":{"0":{"type":"branch","line":22,"loc":{"start":{"line":22,"column":38},"end":{"line":97,"column":2}},"locations":[{"start":{"line":22,"column":38},"end":{"line":97,"column":2}}]},"1":{"type":"branch","line":82,"loc":{"start":{"line":82,"column":7},"end":{"line":85,"column":14}},"locations":[{"start":{"line":82,"column":7},"end":{"line":85,"column":14}}]},"2":{"type":"branch","line":33,"loc":{"start":{"line":33,"column":24},"end":{"line":33,"column":57}},"locations":[{"start":{"line":33,"column":24},"end":{"line":33,"column":57}}]},"3":{"type":"branch","line":37,"loc":{"start":{"line":37,"column":12},"end":{"line":40,"column":5}},"locations":[{"start":{"line":37,"column":12},"end":{"line":40,"column":5}}]},"4":{"type":"branch","line":42,"loc":{"start":{"line":42,"column":18},"end":{"line":51,"column":5}},"locations":[{"start":{"line":42,"column":18},"end":{"line":51,"column":5}}]},"5":{"type":"branch","line":44,"loc":{"start":{"line":44,"column":14},"end":{"line":44,"column":21}},"locations":[{"start":{"line":44,"column":14},"end":{"line":44,"column":21}}]},"6":{"type":"branch","line":48,"loc":{"start":{"line":48,"column":11},"end":{"line":50,"column":6}},"locations":[{"start":{"line":48,"column":11},"end":{"line":50,"column":6}}]}},"b":{"0":[2],"1":[0],"2":[2],"3":[2],"4":[2],"5":[0],"6":[2]},"fnMap":{"0":{"name":"Board","decl":{"start":{"line":22,"column":38},"end":{"line":97,"column":2}},"loc":{"start":{"line":22,"column":38},"end":{"line":97,"column":2}},"line":22},"1":{"name":"onSolved","decl":{"start":{"line":26,"column":13},"end":{"line":26,"column":22}},"loc":{"start":{"line":26,"column":13},"end":{"line":26,"column":22}},"line":26},"2":{"name":"onReset","decl":{"start":{"line":27,"column":12},"end":{"line":27,"column":21}},"loc":{"start":{"line":27,"column":12},"end":{"line":27,"column":21}},"line":27},"3":{"name":"onStarted","decl":{"start":{"line":28,"column":14},"end":{"line":28,"column":23}},"loc":{"start":{"line":28,"column":14},"end":{"line":28,"column":23}},"line":28},"4":{"name":"handleClick","decl":{"start":{"line":53,"column":22},"end":{"line":78,"column":4}},"loc":{"start":{"line":53,"column":22},"end":{"line":78,"column":4}},"line":53}},"f":{"0":2,"1":0,"2":0,"3":0,"4":0}}
,"/Users/pete/projects/games/queens/src/Game.tsx": {"path":"/Users/pete/projects/games/queens/src/Game.tsx","all":false,"statementMap":{"0":{"start":{"line":1,"column":0},"end":{"line":1,"column":44}},"2":{"start":{"line":3,"column":0},"end":{"line":3,"column":32}},"5":{"start":{"line":6,"column":0},"end":{"line":6,"column":65}},"6":{"start":{"line":7,"column":0},"end":{"line":7,"column":49}},"7":{"start":{"line":8,"column":0},"end":{"line":8,"column":63}},"8":{"start":{"line":9,"column":0},"end":{"line":9,"column":41}},"9":{"start":{"line":10,"column":0},"end":{"line":10,"column":65}},"10":{"start":{"line":11,"column":0},"end":{"line":11,"column":5}},"12":{"start":{"line":13,"column":0},"end":{"line":13,"column":50}},"13":{"start":{"line":14,"column":0},"end":{"line":14,"column":63}},"14":{"start":{"line":15,"column":0},"end":{"line":15,"column":41}},"15":{"start":{"line":16,"column":0},"end":{"line":16,"column":63}},"16":{"start":{"line":17,"column":0},"end":{"line":17,"column":5}},"18":{"start":{"line":19,"column":0},"end":{"line":19,"column":63}},"20":{"start":{"line":21,"column":0},"end":{"line":21,"column":19}},"21":{"start":{"line":22,"column":0},"end":{"line":22,"column":67}},"22":{"start":{"line":23,"column":0},"end":{"line":23,"column":19}},"24":{"start":{"line":25,"column":0},"end":{"line":25,"column":63}},"26":{"start":{"line":27,"column":0},"end":{"line":27,"column":76}},"27":{"start":{"line":28,"column":0},"end":{"line":28,"column":45}},"28":{"start":{"line":29,"column":0},"end":{"line":29,"column":28}},"29":{"start":{"line":30,"column":0},"end":{"line":30,"column":4}},"31":{"start":{"line":32,"column":0},"end":{"line":32,"column":31}},"32":{"start":{"line":33,"column":0},"end":{"line":33,"column":24}},"33":{"start":{"line":34,"column":0},"end":{"line":34,"column":4}},"35":{"start":{"line":36,"column":0},"end":{"line":36,"column":31}},"36":{"start":{"line":37,"column":0},"end":{"line":37,"column":25}},"37":{"start":{"line":38,"column":0},"end":{"line":38,"column":4}},"39":{"start":{"line":40,"column":0},"end":{"line":40,"column":35}},"40":{"start":{"line":41,"column":0},"end":{"line":41,"column":23}},"41":{"start":{"line":42,"column":0},"end":{"line":42,"column":22}},"42":{"start":{"line":43,"column":0},"end":{"line":43,"column":26}},"43":{"start":{"line":44,"column":0},"end":{"line":44,"column":32}},"44":{"start":{"line":45,"column":0},"end":{"line":45,"column":6}},"45":{"start":{"line":46,"column":0},"end":{"line":46,"column":44}},"46":{"start":{"line":47,"column":0},"end":{"line":47,"column":4}},"48":{"start":{"line":49,"column":0},"end":{"line":49,"column":29}},"49":{"start":{"line":50,"column":0},"end":{"line":50,"column":25}},"50":{"start":{"line":51,"column":0},"end":{"line":51,"column":28}},"51":{"start":{"line":52,"column":0},"end":{"line":52,"column":4}},"53":{"start":{"line":54,"column":0},"end":{"line":54,"column":37}},"54":{"start":{"line":55,"column":0},"end":{"line":55,"column":25}},"55":{"start":{"line":56,"column":0},"end":{"line":56,"column":24}},"56":{"start":{"line":57,"column":0},"end":{"line":57,"column":4}},"58":{"start":{"line":59,"column":0},"end":{"line":59,"column":10}},"59":{"start":{"line":60,"column":0},"end":{"line":60,"column":26}},"60":{"start":{"line":61,"column":0},"end":{"line":61,"column":12}},"61":{"start":{"line":62,"column":0},"end":{"line":62,"column":22}},"62":{"start":{"line":63,"column":0},"end":{"line":63,"column":19}},"63":{"start":{"line":64,"column":0},"end":{"line":64,"column":21}},"64":{"start":{"line":65,"column":0},"end":{"line":65,"column":19}},"65":{"start":{"line":66,"column":0},"end":{"line":66,"column":33}},"66":{"start":{"line":67,"column":0},"end":{"line":67,"column":31}},"67":{"start":{"line":68,"column":0},"end":{"line":68,"column":8}},"68":{"start":{"line":69,"column":0},"end":{"line":69,"column":33}},"69":{"start":{"line":70,"column":0},"end":{"line":70,"column":14}},"70":{"start":{"line":71,"column":0},"end":{"line":71,"column":25}},"71":{"start":{"line":72,"column":0},"end":{"line":72,"column":22}},"72":{"start":{"line":73,"column":0},"end":{"line":73,"column":31}},"73":{"start":{"line":74,"column":0},"end":{"line":74,"column":17}},"74":{"start":{"line":75,"column":0},"end":{"line":75,"column":18}},"75":{"start":{"line":76,"column":0},"end":{"line":76,"column":22}},"76":{"start":{"line":77,"column":0},"end":{"line":77,"column":50}},"77":{"start":{"line":78,"column":0},"end":{"line":78,"column":37}},"78":{"start":{"line":79,"column":0},"end":{"line":79,"column":10}},"79":{"start":{"line":80,"column":0},"end":{"line":80,"column":12}},"80":{"start":{"line":81,"column":0},"end":{"line":81,"column":49}},"81":{"start":{"line":82,"column":0},"end":{"line":82,"column":15}},"82":{"start":{"line":83,"column":0},"end":{"line":83,"column":109}},"83":{"start":{"line":84,"column":0},"end":{"line":84,"column":31}},"85":{"start":{"line":86,"column":0},"end":{"line":86,"column":14}},"86":{"start":{"line":87,"column":0},"end":{"line":87,"column":46}},"87":{"start":{"line":88,"column":0},"end":{"line":88,"column":23}},"88":{"start":{"line":89,"column":0},"end":{"line":89,"column":31}},"89":{"start":{"line":90,"column":0},"end":{"line":90,"column":29}},"90":{"start":{"line":91,"column":0},"end":{"line":91,"column":33}},"91":{"start":{"line":92,"column":0},"end":{"line":92,"column":30}},"93":{"start":{"line":94,"column":0},"end":{"line":94,"column":17}},"94":{"start":{"line":95,"column":0},"end":{"line":95,"column":35}},"95":{"start":{"line":96,"column":0},"end":{"line":96,"column":36}},"96":{"start":{"line":97,"column":0},"end":{"line":97,"column":60}},"97":{"start":{"line":98,"column":0},"end":{"line":98,"column":14}},"98":{"start":{"line":99,"column":0},"end":{"line":99,"column":16}},"99":{"start":{"line":100,"column":0},"end":{"line":100,"column":17}},"100":{"start":{"line":101,"column":0},"end":{"line":101,"column":15}},"101":{"start":{"line":102,"column":0},"end":{"line":102,"column":127}},"102":{"start":{"line":103,"column":0},"end":{"line":103,"column":33}},"104":{"start":{"line":105,"column":0},"end":{"line":105,"column":14}},"105":{"start":{"line":106,"column":0},"end":{"line":106,"column":46}},"106":{"start":{"line":107,"column":0},"end":{"line":107,"column":23}},"107":{"start":{"line":108,"column":0},"end":{"line":108,"column":31}},"108":{"start":{"line":109,"column":0},"end":{"line":109,"column":29}},"109":{"start":{"line":110,"column":0},"end":{"line":110,"column":33}},"110":{"start":{"line":111,"column":0},"end":{"line":111,"column":30}},"112":{"start":{"line":113,"column":0},"end":{"line":113,"column":17}},"113":{"start":{"line":114,"column":0},"end":{"line":114,"column":35}},"114":{"start":{"line":115,"column":0},"end":{"line":115,"column":36}},"115":{"start":{"line":116,"column":0},"end":{"line":116,"column":185}},"116":{"start":{"line":117,"column":0},"end":{"line":117,"column":14}},"117":{"start":{"line":118,"column":0},"end":{"line":118,"column":16}},"118":{"start":{"line":119,"column":0},"end":{"line":119,"column":17}},"119":{"start":{"line":120,"column":0},"end":{"line":120,"column":15}},"120":{"start":{"line":121,"column":0},"end":{"line":121,"column":127}},"121":{"start":{"line":122,"column":0},"end":{"line":122,"column":31}},"123":{"start":{"line":124,"column":0},"end":{"line":124,"column":14}},"124":{"start":{"line":125,"column":0},"end":{"line":125,"column":46}},"125":{"start":{"line":126,"column":0},"end":{"line":126,"column":23}},"126":{"start":{"line":127,"column":0},"end":{"line":127,"column":31}},"127":{"start":{"line":128,"column":0},"end":{"line":128,"column":29}},"128":{"start":{"line":129,"column":0},"end":{"line":129,"column":33}},"129":{"start":{"line":130,"column":0},"end":{"line":130,"column":30}},"131":{"start":{"line":132,"column":0},"end":{"line":132,"column":17}},"132":{"start":{"line":133,"column":0},"end":{"line":133,"column":35}},"133":{"start":{"line":134,"column":0},"end":{"line":134,"column":36}},"134":{"start":{"line":135,"column":0},"end":{"line":135,"column":279}},"135":{"start":{"line":136,"column":0},"end":{"line":136,"column":14}},"136":{"start":{"line":137,"column":0},"end":{"line":137,"column":16}},"137":{"start":{"line":138,"column":0},"end":{"line":138,"column":17}},"138":{"start":{"line":139,"column":0},"end":{"line":139,"column":12}},"139":{"start":{"line":140,"column":0},"end":{"line":140,"column":10}},"141":{"start":{"line":142,"column":0},"end":{"line":142,"column":2}}},"s":{"0":1,"2":1,"5":1,"6":61,"7":31,"8":31,"9":31,"10":61,"12":61,"13":31,"14":31,"15":31,"16":61,"18":61,"20":61,"21":46,"22":61,"24":61,"26":61,"27":10,"28":10,"29":10,"31":61,"32":9,"33":9,"35":61,"36":2,"37":2,"39":61,"40":1,"41":1,"42":1,"43":1,"44":1,"45":1,"46":1,"48":61,"49":4,"50":4,"51":4,"53":61,"54":5,"55":5,"56":5,"58":61,"59":61,"60":61,"61":61,"62":61,"63":61,"64":61,"65":61,"66":61,"67":61,"68":61,"69":61,"70":61,"71":61,"72":61,"73":61,"74":61,"75":61,"76":61,"77":61,"78":61,"79":61,"80":61,"81":61,"82":61,"83":61,"85":61,"86":61,"87":61,"88":61,"89":61,"90":61,"91":61,"93":61,"94":61,"95":61,"96":61,"97":61,"98":61,"99":61,"100":61,"101":61,"102":61,"104":61,"105":61,"106":61,"107":61,"108":61,"109":61,"110":61,"112":61,"113":61,"114":61,"115":61,"116":61,"117":61,"118":61,"119":61,"120":61,"121":61,"123":61,"124":61,"125":61,"126":61,"127":61,"128":61,"129":61,"131":61,"132":61,"133":61,"134":61,"135":61,"136":61,"137":61,"138":61,"139":61,"141":61},"branchMap":{"0":{"type":"branch","line":6,"loc":{"start":{"line":6,"column":49},"end":{"line":142,"column":2}},"locations":[{"start":{"line":6,"column":49},"end":{"line":142,"column":2}}]},"1":{"type":"branch","line":7,"loc":{"start":{"line":7,"column":42},"end":{"line":11,"column":3}},"locations":[{"start":{"line":7,"column":42},"end":{"line":11,"column":3}}]},"2":{"type":"branch","line":10,"loc":{"start":{"line":10,"column":25},"end":{"line":10,"column":37}},"locations":[{"start":{"line":10,"column":25},"end":{"line":10,"column":37}}]},"3":{"type":"branch","line":10,"loc":{"start":{"line":10,"column":32},"end":{"line":10,"column":65}},"locations":[{"start":{"line":10,"column":32},"end":{"line":10,"column":65}}]},"4":{"type":"branch","line":13,"loc":{"start":{"line":13,"column":43},"end":{"line":17,"column":3}},"locations":[{"start":{"line":13,"column":43},"end":{"line":17,"column":3}}]},"5":{"type":"branch","line":16,"loc":{"start":{"line":16,"column":25},"end":{"line":16,"column":45}},"locations":[{"start":{"line":16,"column":25},"end":{"line":16,"column":45}}]},"6":{"type":"branch","line":16,"loc":{"start":{"line":16,"column":41},"end":{"line":16,"column":63}},"locations":[{"start":{"line":16,"column":41},"end":{"line":16,"column":63}}]},"7":{"type":"branch","line":21,"loc":{"start":{"line":21,"column":12},"end":{"line":23,"column":5}},"locations":[{"start":{"line":21,"column":12},"end":{"line":23,"column":5}}]},"8":{"type":"branch","line":27,"loc":{"start":{"line":27,"column":27},"end":{"line":30,"column":4}},"locations":[{"start":{"line":27,"column":27},"end":{"line":30,"column":4}}]},"9":{"type":"branch","line":32,"loc":{"start":{"line":32,"column":24},"end":{"line":34,"column":4}},"locations":[{"start":{"line":32,"column":24},"end":{"line":34,"column":4}}]},"10":{"type":"branch","line":36,"loc":{"start":{"line":36,"column":24},"end":{"line":38,"column":4}},"locations":[{"start":{"line":36,"column":24},"end":{"line":38,"column":4}}]},"11":{"type":"branch","line":40,"loc":{"start":{"line":40,"column":22},"end":{"line":47,"column":4}},"locations":[{"start":{"line":40,"column":22},"end":{"line":47,"column":4}}]},"12":{"type":"branch","line":49,"loc":{"start":{"line":49,"column":22},"end":{"line":52,"column":4}},"locations":[{"start":{"line":49,"column":22},"end":{"line":52,"column":4}}]},"13":{"type":"branch","line":54,"loc":{"start":{"line":54,"column":24},"end":{"line":57,"column":4}},"locations":[{"start":{"line":54,"column":24},"end":{"line":57,"column":4}}]}},"b":{"0":[61],"1":[31],"2":[29],"3":[2],"4":[31],"5":[29],"6":[2],"7":[46],"8":[10],"9":[9],"10":[2],"11":[1],"12":[4],"13":[5]},"fnMap":{"0":{"name":"Game","decl":{"start":{"line":6,"column":49},"end":{"line":142,"column":2}},"loc":{"start":{"line":6,"column":49},"end":{"line":142,"column":2}},"line":6},"1":{"name":"handleSizeChange","decl":{"start":{"line":27,"column":27},"end":{"line":30,"column":4}},"loc":{"start":{"line":27,"column":27},"end":{"line":30,"column":4}},"line":27},"2":{"name":"handleStarted","decl":{"start":{"line":32,"column":24},"end":{"line":34,"column":4}},"loc":{"start":{"line":32,"column":24},"end":{"line":34,"column":4}},"line":32},"3":{"name":"handleCleared","decl":{"start":{"line":36,"column":24},"end":{"line":38,"column":4}},"loc":{"start":{"line":36,"column":24},"end":{"line":38,"column":4}},"line":36},"4":{"name":"handleShare","decl":{"start":{"line":40,"column":22},"end":{"line":47,"column":4}},"loc":{"start":{"line":40,"column":22},"end":{"line":47,"column":4}},"line":40},"5":{"name":"handleReset","decl":{"start":{"line":49,"column":22},"end":{"line":52,"column":4}},"loc":{"start":{"line":49,"column":22},"end":{"line":52,"column":4}},"line":49},"6":{"name":"handleNewGame","decl":{"start":{"line":54,"column":24},"end":{"line":57,"column":4}},"loc":{"start":{"line":54,"column":24},"end":{"line":57,"column":4}},"line":54}},"f":{"0":61,"1":10,"2":9,"3":2,"4":1,"5":4,"6":5}}
,"/Users/pete/projects/games/queens/src/main.tsx": {"path":"/Users/pete/projects/games/queens/src/main.tsx","all":true,"statementMap":{"0":{"start":{"line":1,"column":0},"end":{"line":1,"column":35}},"1":{"start":{"line":2,"column":0},"end":{"line":2,"column":46}},"2":{"start":{"line":3,"column":0},"end":{"line":3,"column":21}},"3":{"start":{"line":4,"column":0},"end":{"line":4,"column":32}},"5":{"start":{"line":6,"column":0},"end":{"line":6,"column":52}},"6":{"start":{"line":7,"column":0},"end":{"line":7,"column":14}},"7":{"start":{"line":8,"column":0},"end":{"line":8,"column":11}},"8":{"start":{"line":9,"column":0},"end":{"line":9,"column":15}},"9":{"start":{"line":10,"column":0},"end":{"line":10,"column":2}}},"s":{"0":0,"1":0,"2":0,"3":0,"5":0,"6":0,"7":0,"8":0,"9":0},"branchMap":{"0":{"type":"branch","line":1,"loc":{"start":{"line":1,"column":211},"end":{"line":10,"column":-153}},"locations":[{"start":{"line":1,"column":211},"end":{"line":10,"column":-153}}]}},"b":{"0":[0]},"fnMap":{"0":{"name":"(empty-report)","decl":{"start":{"line":1,"column":211},"end":{"line":10,"column":-153}},"loc":{"start":{"line":1,"column":211},"end":{"line":10,"column":-153}},"line":1}},"f":{"0":0}}
,"/Users/pete/projects/games/queens/src/draw/draw-board.ts": {"path":"/Users/pete/projects/games/queens/src/draw/draw-board.ts","all":false,"statementMap":{"0":{"start":{"line":1,"column":0},"end":{"line":1,"column":41}},"1":{"start":{"line":2,"column":0},"end":{"line":2,"column":38}},"4":{"start":{"line":5,"column":0},"end":{"line":5,"column":57}},"8":{"start":{"line":9,"column":0},"end":{"line":9,"column":41}},"10":{"start":{"line":11,"column":0},"end":{"line":11,"column":24}},"12":{"start":{"line":13,"column":0},"end":{"line":13,"column":27}},"14":{"start":{"line":15,"column":0},"end":{"line":15,"column":16}},"15":{"start":{"line":16,"column":0},"end":{"line":16,"column":12}},"16":{"start":{"line":17,"column":0},"end":{"line":17,"column":12}},"17":{"start":{"line":18,"column":0},"end":{"line":18,"column":12}},"18":{"start":{"line":19,"column":0},"end":{"line":19,"column":12}},"19":{"start":{"line":20,"column":0},"end":{"line":20,"column":12}},"20":{"start":{"line":21,"column":0},"end":{"line":21,"column":12}},"21":{"start":{"line":22,"column":0},"end":{"line":22,"column":12}},"22":{"start":{"line":23,"column":0},"end":{"line":23,"column":12}},"23":{"start":{"line":24,"column":0},"end":{"line":24,"column":12}},"24":{"start":{"line":25,"column":0},"end":{"line":25,"column":12}},"25":{"start":{"line":26,"column":0},"end":{"line":26,"column":12}},"26":{"start":{"line":27,"column":0},"end":{"line":27,"column":12}},"27":{"start":{"line":28,"column":0},"end":{"line":28,"column":12}},"28":{"start":{"line":29,"column":0},"end":{"line":29,"column":12}},"29":{"start":{"line":30,"column":0},"end":{"line":30,"column":12}},"30":{"start":{"line":31,"column":0},"end":{"line":31,"column":12}},"31":{"start":{"line":32,"column":0},"end":{"line":32,"column":2}},"33":{"start":{"line":34,"column":0},"end":{"line":34,"column":20}},"35":{"start":{"line":36,"column":0},"end":{"line":36,"column":19}},"36":{"start":{"line":37,"column":0},"end":{"line":37,"column":32}},"37":{"start":{"line":38,"column":0},"end":{"line":38,"column":14}},"38":{"start":{"line":39,"column":0},"end":{"line":39,"column":14}},"39":{"start":{"line":40,"column":0},"end":{"line":40,"column":19}},"40":{"start":{"line":41,"column":0},"end":{"line":41,"column":21}},"41":{"start":{"line":42,"column":0},"end":{"line":42,"column":12}},"42":{"start":{"line":43,"column":0},"end":{"line":43,"column":13}},"43":{"start":{"line":44,"column":0},"end":{"line":44,"column":26}},"44":{"start":{"line":45,"column":0},"end":{"line":45,"column":20}},"45":{"start":{"line":46,"column":0},"end":{"line":46,"column":24}},"46":{"start":{"line":47,"column":0},"end":{"line":47,"column":18}},"47":{"start":{"line":48,"column":0},"end":{"line":48,"column":65}},"48":{"start":{"line":49,"column":0},"end":{"line":49,"column":13}},"49":{"start":{"line":50,"column":0},"end":{"line":50,"column":44}},"50":{"start":{"line":51,"column":0},"end":{"line":51,"column":32}},"51":{"start":{"line":52,"column":0},"end":{"line":52,"column":4}},"52":{"start":{"line":53,"column":0},"end":{"line":53,"column":69}},"53":{"start":{"line":54,"column":0},"end":{"line":54,"column":69}},"54":{"start":{"line":55,"column":0},"end":{"line":55,"column":15}},"55":{"start":{"line":56,"column":0},"end":{"line":56,"column":16}},"56":{"start":{"line":57,"column":0},"end":{"line":57,"column":2}},"58":{"start":{"line":59,"column":0},"end":{"line":59,"column":25}},"59":{"start":{"line":60,"column":0},"end":{"line":60,"column":32}},"60":{"start":{"line":61,"column":0},"end":{"line":61,"column":15}},"61":{"start":{"line":62,"column":0},"end":{"line":62,"column":16}},"62":{"start":{"line":63,"column":0},"end":{"line":63,"column":14}},"63":{"start":{"line":64,"column":0},"end":{"line":64,"column":14}},"64":{"start":{"line":65,"column":0},"end":{"line":65,"column":21}},"65":{"start":{"line":66,"column":0},"end":{"line":66,"column":12}},"66":{"start":{"line":67,"column":0},"end":{"line":67,"column":28}},"67":{"start":{"line":68,"column":0},"end":{"line":68,"column":32}},"69":{"start":{"line":70,"column":0},"end":{"line":70,"column":31}},"71":{"start":{"line":72,"column":0},"end":{"line":72,"column":39}},"73":{"start":{"line":74,"column":0},"end":{"line":74,"column":15}},"74":{"start":{"line":75,"column":0},"end":{"line":75,"column":23}},"75":{"start":{"line":76,"column":0},"end":{"line":76,"column":23}},"76":{"start":{"line":77,"column":0},"end":{"line":77,"column":17}},"77":{"start":{"line":78,"column":0},"end":{"line":78,"column":16}},"78":{"start":{"line":79,"column":0},"end":{"line":79,"column":4}},"80":{"start":{"line":81,"column":0},"end":{"line":81,"column":34}},"81":{"start":{"line":82,"column":0},"end":{"line":82,"column":31}},"82":{"start":{"line":83,"column":0},"end":{"line":83,"column":17}},"83":{"start":{"line":84,"column":0},"end":{"line":84,"column":25}},"84":{"start":{"line":85,"column":0},"end":{"line":85,"column":25}},"85":{"start":{"line":86,"column":0},"end":{"line":86,"column":19}},"86":{"start":{"line":87,"column":0},"end":{"line":87,"column":18}},"87":{"start":{"line":88,"column":0},"end":{"line":88,"column":6}},"88":{"start":{"line":89,"column":0},"end":{"line":89,"column":3}},"90":{"start":{"line":91,"column":0},"end":{"line":91,"column":34}},"91":{"start":{"line":92,"column":0},"end":{"line":92,"column":21}},"92":{"start":{"line":93,"column":0},"end":{"line":93,"column":11}},"93":{"start":{"line":94,"column":0},"end":{"line":94,"column":13}},"94":{"start":{"line":95,"column":0},"end":{"line":95,"column":11}},"95":{"start":{"line":96,"column":0},"end":{"line":96,"column":50}},"96":{"start":{"line":97,"column":0},"end":{"line":97,"column":12}},"97":{"start":{"line":98,"column":0},"end":{"line":98,"column":11}},"98":{"start":{"line":99,"column":0},"end":{"line":99,"column":50}},"99":{"start":{"line":100,"column":0},"end":{"line":100,"column":12}},"100":{"start":{"line":101,"column":0},"end":{"line":101,"column":3}},"101":{"start":{"line":102,"column":0},"end":{"line":102,"column":2}},"102":{"start":{"line":103,"column":0},"end":{"line":103,"column":29}},"103":{"start":{"line":104,"column":0},"end":{"line":104,"column":32}},"104":{"start":{"line":105,"column":0},"end":{"line":105,"column":15}},"105":{"start":{"line":106,"column":0},"end":{"line":106,"column":26}},"106":{"start":{"line":107,"column":0},"end":{"line":107,"column":15}},"107":{"start":{"line":108,"column":0},"end":{"line":108,"column":12}},"108":{"start":{"line":109,"column":0},"end":{"line":109,"column":51}},"109":{"start":{"line":110,"column":0},"end":{"line":110,"column":45}},"110":{"start":{"line":111,"column":0},"end":{"line":111,"column":48}},"111":{"start":{"line":112,"column":0},"end":{"line":112,"column":3}},"112":{"start":{"line":113,"column":0},"end":{"line":113,"column":2}},"114":{"start":{"line":115,"column":0},"end":{"line":115,"column":27}},"115":{"start":{"line":116,"column":0},"end":{"line":116,"column":32}},"116":{"start":{"line":117,"column":0},"end":{"line":117,"column":17}},"117":{"start":{"line":118,"column":0},"end":{"line":118,"column":18}},"118":{"start":{"line":119,"column":0},"end":{"line":119,"column":12}},"119":{"start":{"line":120,"column":0},"end":{"line":120,"column":27}},"120":{"start":{"line":121,"column":0},"end":{"line":121,"column":20}},"123":{"start":{"line":124,"column":0},"end":{"line":124,"column":36}},"124":{"start":{"line":125,"column":0},"end":{"line":125,"column":30}},"126":{"start":{"line":127,"column":0},"end":{"line":127,"column":42}},"127":{"start":{"line":128,"column":0},"end":{"line":128,"column":22}},"128":{"start":{"line":129,"column":0},"end":{"line":129,"column":49}},"129":{"start":{"line":130,"column":0},"end":{"line":130,"column":55}},"130":{"start":{"line":131,"column":0},"end":{"line":131,"column":19}},"131":{"start":{"line":132,"column":0},"end":{"line":132,"column":5}},"133":{"start":{"line":134,"column":0},"end":{"line":134,"column":42}},"134":{"start":{"line":135,"column":0},"end":{"line":135,"column":22}},"135":{"start":{"line":136,"column":0},"end":{"line":136,"column":49}},"136":{"start":{"line":137,"column":0},"end":{"line":137,"column":55}},"137":{"start":{"line":138,"column":0},"end":{"line":138,"column":19}},"138":{"start":{"line":139,"column":0},"end":{"line":139,"column":5}},"139":{"start":{"line":140,"column":0},"end":{"line":140,"column":3}},"140":{"start":{"line":141,"column":0},"end":{"line":141,"column":2}},"142":{"start":{"line":143,"column":0},"end":{"line":143,"column":36}},"143":{"start":{"line":144,"column":0},"end":{"line":144,"column":32}},"144":{"start":{"line":145,"column":0},"end":{"line":145,"column":15}},"145":{"start":{"line":146,"column":0},"end":{"line":146,"column":16}},"146":{"start":{"line":147,"column":0},"end":{"line":147,"column":34}},"147":{"start":{"line":148,"column":0},"end":{"line":148,"column":12}},"148":{"start":{"line":149,"column":0},"end":{"line":149,"column":54}},"150":{"start":{"line":151,"column":0},"end":{"line":151,"column":54}},"151":{"start":{"line":152,"column":0},"end":{"line":152,"column":29}},"152":{"start":{"line":153,"column":0},"end":{"line":153,"column":36}},"153":{"start":{"line":154,"column":0},"end":{"line":154,"column":5}},"154":{"start":{"line":155,"column":0},"end":{"line":155,"column":31}},"155":{"start":{"line":156,"column":0},"end":{"line":156,"column":4}},"157":{"start":{"line":158,"column":0},"end":{"line":158,"column":54}},"158":{"start":{"line":159,"column":0},"end":{"line":159,"column":38}},"159":{"start":{"line":160,"column":0},"end":{"line":160,"column":41}},"160":{"start":{"line":161,"column":0},"end":{"line":161,"column":5}},"161":{"start":{"line":162,"column":0},"end":{"line":162,"column":5}},"163":{"start":{"line":164,"column":0},"end":{"line":164,"column":48}},"164":{"start":{"line":165,"column":0},"end":{"line":165,"column":31}},"165":{"start":{"line":166,"column":0},"end":{"line":166,"column":31}},"166":{"start":{"line":167,"column":0},"end":{"line":167,"column":7}},"167":{"start":{"line":168,"column":0},"end":{"line":168,"column":5}},"169":{"start":{"line":170,"column":0},"end":{"line":170,"column":48}},"170":{"start":{"line":171,"column":0},"end":{"line":171,"column":31}},"171":{"start":{"line":172,"column":0},"end":{"line":172,"column":31}},"172":{"start":{"line":173,"column":0},"end":{"line":173,"column":7}},"173":{"start":{"line":174,"column":0},"end":{"line":174,"column":5}},"175":{"start":{"line":176,"column":0},"end":{"line":176,"column":60}},"176":{"start":{"line":177,"column":0},"end":{"line":177,"column":29}},"177":{"start":{"line":178,"column":0},"end":{"line":178,"column":5}},"179":{"start":{"line":180,"column":0},"end":{"line":180,"column":75}},"180":{"start":{"line":181,"column":0},"end":{"line":181,"column":43}},"181":{"start":{"line":182,"column":0},"end":{"line":182,"column":25}},"182":{"start":{"line":183,"column":0},"end":{"line":183,"column":10}},"183":{"start":{"line":184,"column":0},"end":{"line":184,"column":8}},"184":{"start":{"line":185,"column":0},"end":{"line":185,"column":5}},"186":{"start":{"line":187,"column":0},"end":{"line":187,"column":48}},"187":{"start":{"line":188,"column":0},"end":{"line":188,"column":2}},"189":{"start":{"line":190,"column":0},"end":{"line":190,"column":32}},"190":{"start":{"line":191,"column":0},"end":{"line":191,"column":32}},"191":{"start":{"line":192,"column":0},"end":{"line":192,"column":15}},"192":{"start":{"line":193,"column":0},"end":{"line":193,"column":16}},"193":{"start":{"line":194,"column":0},"end":{"line":194,"column":39}},"194":{"start":{"line":195,"column":0},"end":{"line":195,"column":12}},"195":{"start":{"line":196,"column":0},"end":{"line":196,"column":28}},"196":{"start":{"line":197,"column":0},"end":{"line":197,"column":32}},"199":{"start":{"line":200,"column":0},"end":{"line":200,"column":57}},"200":{"start":{"line":201,"column":0},"end":{"line":201,"column":27}},"201":{"start":{"line":202,"column":0},"end":{"line":202,"column":28}},"202":{"start":{"line":203,"column":0},"end":{"line":203,"column":47}},"203":{"start":{"line":204,"column":0},"end":{"line":204,"column":53}},"204":{"start":{"line":205,"column":0},"end":{"line":205,"column":30}},"205":{"start":{"line":206,"column":0},"end":{"line":206,"column":29}},"206":{"start":{"line":207,"column":0},"end":{"line":207,"column":21}},"207":{"start":{"line":208,"column":0},"end":{"line":208,"column":19}},"208":{"start":{"line":209,"column":0},"end":{"line":209,"column":22}},"209":{"start":{"line":210,"column":0},"end":{"line":210,"column":22}},"210":{"start":{"line":211,"column":0},"end":{"line":211,"column":16}},"212":{"start":{"line":213,"column":0},"end":{"line":213,"column":61}},"213":{"start":{"line":214,"column":0},"end":{"line":214,"column":13}},"214":{"start":{"line":215,"column":0},"end":{"line":215,"column":22}},"215":{"start":{"line":216,"column":0},"end":{"line":216,"column":27}},"216":{"start":{"line":217,"column":0},"end":{"line":217,"column":27}},"217":{"start":{"line":218,"column":0},"end":{"line":218,"column":30}},"218":{"start":{"line":219,"column":0},"end":{"line":219,"column":69}},"219":{"start":{"line":220,"column":0},"end":{"line":220,"column":5}},"220":{"start":{"line":221,"column":0},"end":{"line":221,"column":16}},"221":{"start":{"line":222,"column":0},"end":{"line":222,"column":2}},"223":{"start":{"line":224,"column":0},"end":{"line":224,"column":23}},"224":{"start":{"line":225,"column":0},"end":{"line":225,"column":32}},"225":{"start":{"line":226,"column":0},"end":{"line":226,"column":15}},"226":{"start":{"line":227,"column":0},"end":{"line":227,"column":18}},"227":{"start":{"line":228,"column":0},"end":{"line":228,"column":12}},"228":{"start":{"line":229,"column":0},"end":{"line":229,"column":27}},"229":{"start":{"line":230,"column":0},"end":{"line":230,"column":20}},"230":{"start":{"line":231,"column":0},"end":{"line":231,"column":35}},"232":{"start":{"line":233,"column":0},"end":{"line":233,"column":20}},"233":{"start":{"line":234,"column":0},"end":{"line":234,"column":32}},"234":{"start":{"line":235,"column":0},"end":{"line":235,"column":46}},"235":{"start":{"line":236,"column":0},"end":{"line":236,"column":17}},"238":{"start":{"line":239,"column":0},"end":{"line":239,"column":20}},"239":{"start":{"line":240,"column":0},"end":{"line":240,"column":32}},"240":{"start":{"line":241,"column":0},"end":{"line":241,"column":46}},"241":{"start":{"line":242,"column":0},"end":{"line":242,"column":17}},"242":{"start":{"line":243,"column":0},"end":{"line":243,"column":3}},"243":{"start":{"line":244,"column":0},"end":{"line":244,"column":2}},"245":{"start":{"line":246,"column":0},"end":{"line":246,"column":26}},"246":{"start":{"line":247,"column":0},"end":{"line":247,"column":32}},"247":{"start":{"line":248,"column":0},"end":{"line":248,"column":15}},"248":{"start":{"line":249,"column":0},"end":{"line":249,"column":15}},"249":{"start":{"line":250,"column":0},"end":{"line":250,"column":12}},"250":{"start":{"line":251,"column":0},"end":{"line":251,"column":28}},"251":{"start":{"line":252,"column":0},"end":{"line":252,"column":32}},"253":{"start":{"line":254,"column":0},"end":{"line":254,"column":36}},"254":{"start":{"line":255,"column":0},"end":{"line":255,"column":25}},"255":{"start":{"line":256,"column":0},"end":{"line":256,"column":35}},"257":{"start":{"line":258,"column":0},"end":{"line":258,"column":48}},"258":{"start":{"line":259,"column":0},"end":{"line":259,"column":41}},"259":{"start":{"line":260,"column":0},"end":{"line":260,"column":69}},"260":{"start":{"line":261,"column":0},"end":{"line":261,"column":36}},"261":{"start":{"line":262,"column":0},"end":{"line":262,"column":33}},"262":{"start":{"line":263,"column":0},"end":{"line":263,"column":71}},"263":{"start":{"line":264,"column":0},"end":{"line":264,"column":5}},"264":{"start":{"line":265,"column":0},"end":{"line":265,"column":3}},"266":{"start":{"line":267,"column":0},"end":{"line":267,"column":40}},"267":{"start":{"line":268,"column":0},"end":{"line":268,"column":45}},"268":{"start":{"line":269,"column":0},"end":{"line":269,"column":3}},"270":{"start":{"line":271,"column":0},"end":{"line":271,"column":37}},"271":{"start":{"line":272,"column":0},"end":{"line":272,"column":2}},"273":{"start":{"line":274,"column":0},"end":{"line":274,"column":31}},"274":{"start":{"line":275,"column":0},"end":{"line":275,"column":45}},"275":{"start":{"line":276,"column":0},"end":{"line":276,"column":15}},"276":{"start":{"line":277,"column":0},"end":{"line":277,"column":16}},"277":{"start":{"line":278,"column":0},"end":{"line":278,"column":16}},"278":{"start":{"line":279,"column":0},"end":{"line":279,"column":24}},"279":{"start":{"line":280,"column":0},"end":{"line":280,"column":59}},"280":{"start":{"line":281,"column":0},"end":{"line":281,"column":47}},"281":{"start":{"line":282,"column":0},"end":{"line":282,"column":46}},"283":{"start":{"line":284,"column":0},"end":{"line":284,"column":40}},"284":{"start":{"line":285,"column":0},"end":{"line":285,"column":39}},"285":{"start":{"line":286,"column":0},"end":{"line":286,"column":39}},"287":{"start":{"line":288,"column":0},"end":{"line":288,"column":73}},"288":{"start":{"line":289,"column":0},"end":{"line":289,"column":37}},"289":{"start":{"line":290,"column":0},"end":{"line":290,"column":3}},"291":{"start":{"line":292,"column":0},"end":{"line":292,"column":20}},"292":{"start":{"line":293,"column":0},"end":{"line":293,"column":2}}},"s":{"0":1,"1":1,"4":1,"8":1,"10":1,"12":1,"14":1,"15":1,"16":1,"17":1,"18":1,"19":1,"20":1,"21":1,"22":1,"23":1,"24":1,"25":1,"26":1,"27":1,"28":1,"29":1,"30":1,"31":1,"33":1,"35":1,"36":0,"37":0,"38":0,"39":0,"40":0,"41":0,"42":0,"43":0,"44":0,"45":0,"46":0,"47":0,"48":0,"49":0,"50":0,"51":0,"52":0,"53":0,"54":0,"55":0,"56":0,"58":1,"59":0,"60":0,"61":0,"62":0,"63":0,"64":0,"65":0,"66":0,"67":0,"69":0,"71":0,"73":0,"74":0,"75":0,"76":0,"77":0,"78":0,"80":0,"81":0,"82":0,"83":0,"84":0,"85":0,"86":0,"87":0,"88":0,"90":0,"91":0,"92":0,"93":0,"94":0,"95":0,"96":0,"97":0,"98":0,"99":0,"100":0,"101":0,"102":1,"103":0,"104":0,"105":0,"106":0,"107":0,"108":0,"109":0,"110":0,"111":0,"112":0,"114":1,"115":16,"116":16,"117":16,"118":16,"119":16,"120":16,"123":16,"124":128,"126":128,"127":52,"128":52,"129":52,"130":52,"131":52,"133":128,"134":58,"135":58,"136":58,"137":58,"138":58,"139":128,"140":16,"142":1,"143":0,"144":0,"145":0,"146":0,"147":0,"148":0,"150":0,"151":0,"152":0,"153":0,"154":0,"155":0,"157":0,"158":0,"159":0,"160":0,"161":0,"163":0,"164":0,"165":0,"166":0,"167":0,"169":0,"170":0,"171":0,"172":0,"173":0,"175":0,"176":0,"177":0,"179":0,"180":0,"181":0,"182":0,"183":0,"184":0,"186":0,"187":0,"189":1,"190":0,"191":0,"192":0,"193":0,"194":0,"195":0,"196":0,"199":0,"200":0,"201":0,"202":0,"203":0,"204":0,"205":0,"206":0,"207":0,"208":0,"209":0,"210":0,"212":0,"213":0,"214":0,"215":0,"216":0,"217":0,"218":0,"219":0,"220":0,"221":0,"223":1,"224":2,"225":2,"226":2,"227":2,"228":2,"229":2,"230":2,"232":18,"233":18,"234":18,"235":18,"238":18,"239":18,"240":18,"241":18,"242":18,"243":2,"245":1,"246":2,"247":2,"248":2,"249":2,"250":2,"251":2,"253":2,"254":2,"255":2,"257":2,"258":128,"259":128,"260":128,"261":0,"262":0,"263":0,"264":128,"266":2,"267":16,"268":16,"270":2,"271":2,"273":1,"274":0,"275":0,"276":0,"277":0,"278":0,"279":0,"280":0,"281":0,"283":0,"284":0,"285":0,"287":0,"288":0,"289":0,"291":0,"292":0},"branchMap":{"0":{"type":"branch","line":115,"loc":{"start":{"line":115,"column":26},"end":{"line":141,"column":2}},"locations":[{"start":{"line":115,"column":26},"end":{"line":141,"column":2}}]},"1":{"type":"branch","line":124,"loc":{"start":{"line":124,"column":35},"end":{"line":140,"column":3}},"locations":[{"start":{"line":124,"column":35},"end":{"line":140,"column":3}}]},"2":{"type":"branch","line":127,"loc":{"start":{"line":127,"column":31},"end":{"line":127,"column":41}},"locations":[{"start":{"line":127,"column":31},"end":{"line":127,"column":41}}]},"3":{"type":"branch","line":127,"loc":{"start":{"line":127,"column":41},"end":{"line":132,"column":5}},"locations":[{"start":{"line":127,"column":41},"end":{"line":132,"column":5}}]},"4":{"type":"branch","line":134,"loc":{"start":{"line":134,"column":41},"end":{"line":139,"column":5}},"locations":[{"start":{"line":134,"column":41},"end":{"line":139,"column":5}}]},"5":{"type":"branch","line":224,"loc":{"start":{"line":224,"column":22},"end":{"line":244,"column":2}},"locations":[{"start":{"line":224,"column":22},"end":{"line":244,"column":2}}]},"6":{"type":"branch","line":231,"loc":{"start":{"line":231,"column":34},"end":{"line":243,"column":3}},"locations":[{"start":{"line":231,"column":34},"end":{"line":243,"column":3}}]},"7":{"type":"branch","line":246,"loc":{"start":{"line":246,"column":25},"end":{"line":272,"column":2}},"locations":[{"start":{"line":246,"column":25},"end":{"line":272,"column":2}}]},"8":{"type":"branch","line":258,"loc":{"start":{"line":258,"column":47},"end":{"line":265,"column":3}},"locations":[{"start":{"line":258,"column":47},"end":{"line":265,"column":3}}]},"9":{"type":"branch","line":261,"loc":{"start":{"line":261,"column":8},"end":{"line":261,"column":35}},"locations":[{"start":{"line":261,"column":8},"end":{"line":261,"column":35}}]},"10":{"type":"branch","line":261,"loc":{"start":{"line":261,"column":35},"end":{"line":264,"column":5}},"locations":[{"start":{"line":261,"column":35},"end":{"line":264,"column":5}}]},"11":{"type":"branch","line":267,"loc":{"start":{"line":267,"column":39},"end":{"line":269,"column":3}},"locations":[{"start":{"line":267,"column":39},"end":{"line":269,"column":3}}]}},"b":{"0":[16],"1":[128],"2":[90],"3":[52],"4":[58],"5":[2],"6":[18],"7":[2],"8":[128],"9":[0],"10":[0],"11":[16]},"fnMap":{"0":{"name":"drawCross","decl":{"start":{"line":36,"column":18},"end":{"line":57,"column":2}},"loc":{"start":{"line":36,"column":18},"end":{"line":57,"column":2}},"line":36},"1":{"name":"drawCell","decl":{"start":{"line":59,"column":24},"end":{"line":102,"column":2}},"loc":{"start":{"line":59,"column":24},"end":{"line":102,"column":2}},"line":59},"2":{"name":"drawSelected","decl":{"start":{"line":103,"column":28},"end":{"line":113,"column":2}},"loc":{"start":{"line":103,"column":28},"end":{"line":113,"column":2}},"line":103},"3":{"name":"drawDomainOutline","decl":{"start":{"line":115,"column":26},"end":{"line":141,"column":2}},"loc":{"start":{"line":115,"column":26},"end":{"line":141,"column":2}},"line":115},"4":{"name":"drawInvalidSections","decl":{"start":{"line":143,"column":35},"end":{"line":188,"column":2}},"loc":{"start":{"line":143,"column":35},"end":{"line":188,"column":2}},"line":143},"5":{"name":"drawDomainShade","decl":{"start":{"line":190,"column":31},"end":{"line":222,"column":2}},"loc":{"start":{"line":190,"column":31},"end":{"line":222,"column":2}},"line":190},"6":{"name":"drawGridLines","decl":{"start":{"line":224,"column":22},"end":{"line":244,"column":2}},"loc":{"start":{"line":224,"column":22},"end":{"line":244,"column":2}},"line":224},"7":{"name":"drawBoard","decl":{"start":{"line":246,"column":25},"end":{"line":272,"column":2}},"loc":{"start":{"line":246,"column":25},"end":{"line":272,"column":2}},"line":246},"8":{"name":"getCoordinates","decl":{"start":{"line":274,"column":30},"end":{"line":293,"column":2}},"loc":{"start":{"line":274,"column":30},"end":{"line":293,"column":2}},"line":274}},"f":{"0":0,"1":0,"2":0,"3":16,"4":0,"5":0,"6":2,"7":2,"8":0}}
,"/Users/pete/projects/games/queens/src/draw/draw-crown.ts": {"path":"/Users/pete/projects/games/queens/src/draw/draw-crown.ts","all":false,"statementMap":{"0":{"start":{"line":1,"column":0},"end":{"line":1,"column":19}},"22":{"start":{"line":23,"column":0},"end":{"line":23,"column":27}},"24":{"start":{"line":25,"column":0},"end":{"line":25,"column":26}},"25":{"start":{"line":26,"column":0},"end":{"line":26,"column":32}},"26":{"start":{"line":27,"column":0},"end":{"line":27,"column":14}},"27":{"start":{"line":28,"column":0},"end":{"line":28,"column":14}},"28":{"start":{"line":29,"column":0},"end":{"line":29,"column":19}},"29":{"start":{"line":30,"column":0},"end":{"line":30,"column":21}},"30":{"start":{"line":31,"column":0},"end":{"line":31,"column":12}},"31":{"start":{"line":32,"column":0},"end":{"line":32,"column":37}},"33":{"start":{"line":34,"column":0},"end":{"line":34,"column":31}},"34":{"start":{"line":35,"column":0},"end":{"line":35,"column":58}},"36":{"start":{"line":37,"column":0},"end":{"line":37,"column":13}},"37":{"start":{"line":38,"column":0},"end":{"line":38,"column":78}},"38":{"start":{"line":39,"column":0},"end":{"line":39,"column":26}},"39":{"start":{"line":40,"column":0},"end":{"line":40,"column":58}},"40":{"start":{"line":41,"column":0},"end":{"line":41,"column":24}},"41":{"start":{"line":42,"column":0},"end":{"line":42,"column":17}},"42":{"start":{"line":43,"column":0},"end":{"line":43,"column":16}},"43":{"start":{"line":44,"column":0},"end":{"line":44,"column":2}}},"s":{"0":1,"22":1,"24":1,"25":0,"26":0,"27":0,"28":0,"29":0,"30":0,"31":0,"33":0,"34":0,"36":0,"37":0,"38":0,"39":0,"40":0,"41":0,"42":0,"43":0},"branchMap":{},"b":{},"fnMap":{"0":{"name":"drawCrown","decl":{"start":{"line":25,"column":25},"end":{"line":44,"column":2}},"loc":{"start":{"line":25,"column":25},"end":{"line":44,"column":2}},"line":25}},"f":{"0":0}}
,"/Users/pete/projects/games/queens/src/model/board.ts": {"path":"/Users/pete/projects/games/queens/src/model/board.ts","all":false,"statementMap":{"0":{"start":{"line":1,"column":0},"end":{"line":1,"column":38}},"1":{"start":{"line":2,"column":0},"end":{"line":2,"column":41}},"3":{"start":{"line":4,"column":0},"end":{"line":4,"column":62}},"5":{"start":{"line":6,"column":0},"end":{"line":6,"column":49}},"6":{"start":{"line":7,"column":0},"end":{"line":7,"column":13}},"7":{"start":{"line":8,"column":0},"end":{"line":8,"column":42}},"8":{"start":{"line":9,"column":0},"end":{"line":9,"column":52}},"9":{"start":{"line":10,"column":0},"end":{"line":10,"column":54}},"10":{"start":{"line":11,"column":0},"end":{"line":11,"column":5}},"11":{"start":{"line":12,"column":0},"end":{"line":12,"column":17}},"12":{"start":{"line":13,"column":0},"end":{"line":13,"column":3}},"13":{"start":{"line":14,"column":0},"end":{"line":14,"column":14}},"14":{"start":{"line":15,"column":0},"end":{"line":15,"column":2}},"16":{"start":{"line":17,"column":0},"end":{"line":17,"column":75}},"17":{"start":{"line":18,"column":0},"end":{"line":18,"column":36}},"19":{"start":{"line":20,"column":0},"end":{"line":20,"column":71}},"21":{"start":{"line":22,"column":0},"end":{"line":22,"column":6}},"22":{"start":{"line":23,"column":0},"end":{"line":23,"column":42}},"23":{"start":{"line":24,"column":0},"end":{"line":24,"column":41}},"25":{"start":{"line":26,"column":0},"end":{"line":26,"column":34}},"26":{"start":{"line":27,"column":0},"end":{"line":27,"column":2}},"28":{"start":{"line":29,"column":0},"end":{"line":29,"column":22}},"29":{"start":{"line":30,"column":0},"end":{"line":30,"column":14}},"30":{"start":{"line":31,"column":0},"end":{"line":31,"column":14}},"31":{"start":{"line":32,"column":0},"end":{"line":32,"column":13}},"32":{"start":{"line":33,"column":0},"end":{"line":33,"column":26}},"33":{"start":{"line":34,"column":0},"end":{"line":34,"column":43}},"34":{"start":{"line":35,"column":0},"end":{"line":35,"column":16}},"35":{"start":{"line":36,"column":0},"end":{"line":36,"column":47}},"36":{"start":{"line":37,"column":0},"end":{"line":37,"column":3}},"37":{"start":{"line":38,"column":0},"end":{"line":38,"column":16}},"38":{"start":{"line":39,"column":0},"end":{"line":39,"column":47}},"39":{"start":{"line":40,"column":0},"end":{"line":40,"column":3}},"40":{"start":{"line":41,"column":0},"end":{"line":41,"column":23}},"41":{"start":{"line":42,"column":0},"end":{"line":42,"column":47}},"42":{"start":{"line":43,"column":0},"end":{"line":43,"column":3}},"43":{"start":{"line":44,"column":0},"end":{"line":44,"column":23}},"44":{"start":{"line":45,"column":0},"end":{"line":45,"column":47}},"45":{"start":{"line":46,"column":0},"end":{"line":46,"column":3}},"47":{"start":{"line":48,"column":0},"end":{"line":48,"column":19}},"48":{"start":{"line":49,"column":0},"end":{"line":49,"column":2}},"50":{"start":{"line":51,"column":0},"end":{"line":51,"column":80}},"51":{"start":{"line":52,"column":0},"end":{"line":52,"column":33}},"53":{"start":{"line":54,"column":0},"end":{"line":54,"column":38}},"55":{"start":{"line":56,"column":0},"end":{"line":56,"column":67}},"57":{"start":{"line":58,"column":0},"end":{"line":58,"column":42}},"59":{"start":{"line":60,"column":0},"end":{"line":60,"column":36}},"60":{"start":{"line":61,"column":0},"end":{"line":61,"column":34}},"61":{"start":{"line":62,"column":0},"end":{"line":62,"column":55}},"62":{"start":{"line":63,"column":0},"end":{"line":63,"column":41}},"63":{"start":{"line":64,"column":0},"end":{"line":64,"column":39}},"64":{"start":{"line":65,"column":0},"end":{"line":65,"column":7}},"65":{"start":{"line":66,"column":0},"end":{"line":66,"column":5}},"67":{"start":{"line":68,"column":0},"end":{"line":68,"column":29}},"68":{"start":{"line":69,"column":0},"end":{"line":69,"column":39}},"69":{"start":{"line":70,"column":0},"end":{"line":70,"column":40}},"71":{"start":{"line":72,"column":0},"end":{"line":72,"column":64}},"72":{"start":{"line":73,"column":0},"end":{"line":73,"column":51}},"74":{"start":{"line":75,"column":0},"end":{"line":75,"column":47}},"75":{"start":{"line":76,"column":0},"end":{"line":76,"column":50}},"76":{"start":{"line":77,"column":0},"end":{"line":77,"column":6}},"78":{"start":{"line":79,"column":0},"end":{"line":79,"column":75}},"80":{"start":{"line":81,"column":0},"end":{"line":81,"column":40}},"82":{"start":{"line":83,"column":0},"end":{"line":83,"column":27}},"84":{"start":{"line":85,"column":0},"end":{"line":85,"column":41}},"85":{"start":{"line":86,"column":0},"end":{"line":86,"column":39}},"86":{"start":{"line":87,"column":0},"end":{"line":87,"column":41}},"87":{"start":{"line":88,"column":0},"end":{"line":88,"column":7}},"88":{"start":{"line":89,"column":0},"end":{"line":89,"column":7}},"89":{"start":{"line":90,"column":0},"end":{"line":90,"column":3}},"91":{"start":{"line":92,"column":0},"end":{"line":92,"column":60}},"92":{"start":{"line":93,"column":0},"end":{"line":93,"column":8}},"93":{"start":{"line":94,"column":0},"end":{"line":94,"column":8}},"94":{"start":{"line":95,"column":0},"end":{"line":95,"column":30}},"95":{"start":{"line":96,"column":0},"end":{"line":96,"column":33}},"96":{"start":{"line":97,"column":0},"end":{"line":97,"column":6}},"98":{"start":{"line":99,"column":0},"end":{"line":99,"column":19}},"99":{"start":{"line":100,"column":0},"end":{"line":100,"column":2}},"101":{"start":{"line":102,"column":0},"end":{"line":102,"column":59}},"102":{"start":{"line":103,"column":0},"end":{"line":103,"column":71}},"104":{"start":{"line":105,"column":0},"end":{"line":105,"column":38}},"105":{"start":{"line":106,"column":0},"end":{"line":106,"column":51}},"106":{"start":{"line":107,"column":0},"end":{"line":107,"column":35}},"107":{"start":{"line":108,"column":0},"end":{"line":108,"column":34}},"108":{"start":{"line":109,"column":0},"end":{"line":109,"column":38}},"109":{"start":{"line":110,"column":0},"end":{"line":110,"column":28}},"110":{"start":{"line":111,"column":0},"end":{"line":111,"column":42}},"111":{"start":{"line":112,"column":0},"end":{"line":112,"column":62}},"112":{"start":{"line":113,"column":0},"end":{"line":113,"column":46}},"113":{"start":{"line":114,"column":0},"end":{"line":114,"column":3}},"115":{"start":{"line":116,"column":0},"end":{"line":116,"column":32}},"116":{"start":{"line":117,"column":0},"end":{"line":117,"column":1}},"118":{"start":{"line":119,"column":0},"end":{"line":119,"column":64}},"119":{"start":{"line":120,"column":0},"end":{"line":120,"column":41}},"120":{"start":{"line":121,"column":0},"end":{"line":121,"column":42}},"121":{"start":{"line":122,"column":0},"end":{"line":122,"column":46}},"122":{"start":{"line":123,"column":0},"end":{"line":123,"column":15}},"123":{"start":{"line":124,"column":0},"end":{"line":124,"column":2}}},"s":{"0":1,"1":1,"3":1,"5":1,"6":300,"7":300,"8":1140,"9":259,"10":259,"11":881,"12":881,"13":41,"14":41,"16":1,"17":41,"19":41,"21":41,"22":300,"23":41,"25":41,"26":41,"28":1,"29":1406,"30":1406,"31":1406,"32":1406,"33":1406,"34":1406,"35":1180,"36":1180,"37":1406,"38":1180,"39":1180,"40":1406,"41":1180,"42":1180,"43":1406,"44":1180,"45":1180,"47":1406,"48":1406,"50":1,"51":38,"53":38,"55":38,"57":38,"59":38,"60":226,"61":226,"62":226,"63":752,"64":226,"65":38,"67":38,"68":1180,"69":1180,"71":1180,"72":1180,"74":1180,"75":1180,"76":1180,"78":1180,"80":1180,"82":1180,"84":1180,"85":3968,"86":1608,"87":1608,"88":1180,"89":1180,"91":38,"92":1406,"93":1406,"94":1406,"95":1406,"96":38,"98":38,"99":38,"101":1,"102":35,"104":35,"105":1216,"106":1216,"107":1216,"108":1216,"109":1216,"110":1216,"111":1216,"112":1216,"113":1216,"115":35,"116":34,"118":1,"119":34,"120":34,"121":34,"122":34,"123":34},"branchMap":{"0":{"type":"branch","line":6,"loc":{"start":{"line":6,"column":20},"end":{"line":15,"column":2}},"locations":[{"start":{"line":6,"column":20},"end":{"line":15,"column":2}}]},"1":{"type":"branch","line":8,"loc":{"start":{"line":8,"column":41},"end":{"line":13,"column":3}},"locations":[{"start":{"line":8,"column":41},"end":{"line":13,"column":3}}]},"2":{"type":"branch","line":9,"loc":{"start":{"line":9,"column":25},"end":{"line":9,"column":51}},"locations":[{"start":{"line":9,"column":25},"end":{"line":9,"column":51}}]},"3":{"type":"branch","line":9,"loc":{"start":{"line":9,"column":51},"end":{"line":11,"column":5}},"locations":[{"start":{"line":9,"column":51},"end":{"line":11,"column":5}}]},"4":{"type":"branch","line":11,"loc":{"start":{"line":11,"column":4},"end":{"line":13,"column":3}},"locations":[{"start":{"line":11,"column":4},"end":{"line":13,"column":3}}]},"5":{"type":"branch","line":13,"loc":{"start":{"line":13,"column":2},"end":{"line":15,"column":2}},"locations":[{"start":{"line":13,"column":2},"end":{"line":15,"column":2}}]},"6":{"type":"branch","line":17,"loc":{"start":{"line":17,"column":28},"end":{"line":27,"column":2}},"locations":[{"start":{"line":17,"column":28},"end":{"line":27,"column":2}}]},"7":{"type":"branch","line":22,"loc":{"start":{"line":22,"column":5},"end":{"line":24,"column":11}},"locations":[{"start":{"line":22,"column":5},"end":{"line":24,"column":11}}]},"8":{"type":"branch","line":20,"loc":{"start":{"line":20,"column":57},"end":{"line":20,"column":68}},"locations":[{"start":{"line":20,"column":57},"end":{"line":20,"column":68}}]},"9":{"type":"branch","line":29,"loc":{"start":{"line":29,"column":21},"end":{"line":49,"column":2}},"locations":[{"start":{"line":29,"column":21},"end":{"line":49,"column":2}}]},"10":{"type":"branch","line":35,"loc":{"start":{"line":35,"column":15},"end":{"line":37,"column":3}},"locations":[{"start":{"line":35,"column":15},"end":{"line":37,"column":3}}]},"11":{"type":"branch","line":38,"loc":{"start":{"line":38,"column":15},"end":{"line":40,"column":3}},"locations":[{"start":{"line":38,"column":15},"end":{"line":40,"column":3}}]},"12":{"type":"branch","line":41,"loc":{"start":{"line":41,"column":22},"end":{"line":43,"column":3}},"locations":[{"start":{"line":41,"column":22},"end":{"line":43,"column":3}}]},"13":{"type":"branch","line":44,"loc":{"start":{"line":44,"column":22},"end":{"line":46,"column":3}},"locations":[{"start":{"line":44,"column":22},"end":{"line":46,"column":3}}]},"14":{"type":"branch","line":51,"loc":{"start":{"line":51,"column":31},"end":{"line":100,"column":2}},"locations":[{"start":{"line":51,"column":31},"end":{"line":100,"column":2}}]},"15":{"type":"branch","line":68,"loc":{"start":{"line":68,"column":28},"end":{"line":90,"column":3}},"locations":[{"start":{"line":68,"column":28},"end":{"line":90,"column":3}}]},"16":{"type":"branch","line":60,"loc":{"start":{"line":60,"column":17},"end":{"line":66,"column":3}},"locations":[{"start":{"line":60,"column":17},"end":{"line":66,"column":3}}]},"17":{"type":"branch","line":63,"loc":{"start":{"line":63,"column":22},"end":{"line":65,"column":5}},"locations":[{"start":{"line":63,"column":22},"end":{"line":65,"column":5}}]},"18":{"type":"branch","line":76,"loc":{"start":{"line":76,"column":6},"end":{"line":76,"column":50}},"locations":[{"start":{"line":76,"column":6},"end":{"line":76,"column":50}}]},"19":{"type":"branch","line":85,"loc":{"start":{"line":85,"column":22},"end":{"line":89,"column":5}},"locations":[{"start":{"line":85,"column":22},"end":{"line":89,"column":5}}]},"20":{"type":"branch","line":86,"loc":{"start":{"line":86,"column":38},"end":{"line":88,"column":7}},"locations":[{"start":{"line":86,"column":38},"end":{"line":88,"column":7}}]},"21":{"type":"branch","line":92,"loc":{"start":{"line":92,"column":44},"end":{"line":97,"column":4}},"locations":[{"start":{"line":92,"column":44},"end":{"line":97,"column":4}}]},"22":{"type":"branch","line":102,"loc":{"start":{"line":102,"column":7},"end":{"line":117,"column":1}},"locations":[{"start":{"line":102,"column":7},"end":{"line":117,"column":1}}]},"23":{"type":"branch","line":105,"loc":{"start":{"line":105,"column":37},"end":{"line":114,"column":3}},"locations":[{"start":{"line":105,"column":37},"end":{"line":114,"column":3}}]},"24":{"type":"branch","line":107,"loc":{"start":{"line":107,"column":26},"end":{"line":107,"column":35}},"locations":[{"start":{"line":107,"column":26},"end":{"line":107,"column":35}}]},"25":{"type":"branch","line":109,"loc":{"start":{"line":109,"column":26},"end":{"line":109,"column":38}},"locations":[{"start":{"line":109,"column":26},"end":{"line":109,"column":38}}]},"26":{"type":"branch","line":111,"loc":{"start":{"line":111,"column":28},"end":{"line":111,"column":42}},"locations":[{"start":{"line":111,"column":28},"end":{"line":111,"column":42}}]},"27":{"type":"branch","line":112,"loc":{"start":{"line":112,"column":54},"end":{"line":112,"column":62}},"locations":[{"start":{"line":112,"column":54},"end":{"line":112,"column":62}}]},"28":{"type":"branch","line":116,"loc":{"start":{"line":116,"column":30},"end":{"line":117,"column":1}},"locations":[{"start":{"line":116,"column":30},"end":{"line":117,"column":1}}]},"29":{"type":"branch","line":119,"loc":{"start":{"line":119,"column":29},"end":{"line":124,"column":2}},"locations":[{"start":{"line":119,"column":29},"end":{"line":124,"column":2}}]}},"b":{"0":[300],"1":[1140],"2":[985],"3":[259],"4":[881],"5":[41],"6":[41],"7":[300],"8":[246],"9":[1406],"10":[1180],"11":[1180],"12":[1180],"13":[1180],"14":[38],"15":[1180],"16":[226],"17":[752],"18":[3968],"19":[3968],"20":[1608],"21":[1406],"22":[35],"23":[1216],"24":[202],"25":[202],"26":[202],"27":[575],"28":[34],"29":[34]},"fnMap":{"0":{"name":"checkQueens","decl":{"start":{"line":6,"column":20},"end":{"line":15,"column":2}},"loc":{"start":{"line":6,"column":20},"end":{"line":15,"column":2}},"line":6},"1":{"name":"assignQueens","decl":{"start":{"line":17,"column":28},"end":{"line":27,"column":2}},"loc":{"start":{"line":17,"column":28},"end":{"line":27,"column":2}},"line":17},"2":{"name":"getNeighbors","decl":{"start":{"line":29,"column":21},"end":{"line":49,"column":2}},"loc":{"start":{"line":29,"column":21},"end":{"line":49,"column":2}},"line":29},"3":{"name":"generateDomains","decl":{"start":{"line":51,"column":31},"end":{"line":100,"column":2}},"loc":{"start":{"line":51,"column":31},"end":{"line":100,"column":2}},"line":51},"4":{"name":"domains","decl":{"start":{"line":102,"column":7},"end":{"line":117,"column":1}},"loc":{"start":{"line":102,"column":7},"end":{"line":117,"column":1}},"line":102},"5":{"name":"generateBoard","decl":{"start":{"line":119,"column":29},"end":{"line":124,"column":2}},"loc":{"start":{"line":119,"column":29},"end":{"line":124,"column":2}},"line":119}},"f":{"0":300,"1":41,"2":1406,"3":38,"4":35,"5":34}}
,"/Users/pete/projects/games/queens/src/model/grid.ts": {"path":"/Users/pete/projects/games/queens/src/model/grid.ts","all":false,"statementMap":{"2":{"start":{"line":3,"column":0},"end":{"line":3,"column":30}},"3":{"start":{"line":4,"column":0},"end":{"line":4,"column":14}},"4":{"start":{"line":5,"column":0},"end":{"line":5,"column":45}},"6":{"start":{"line":7,"column":0},"end":{"line":7,"column":42}},"7":{"start":{"line":8,"column":0},"end":{"line":8,"column":66}},"8":{"start":{"line":9,"column":0},"end":{"line":9,"column":4}},"10":{"start":{"line":11,"column":0},"end":{"line":11,"column":67}},"11":{"start":{"line":12,"column":0},"end":{"line":12,"column":28}},"13":{"start":{"line":14,"column":0},"end":{"line":14,"column":74}},"14":{"start":{"line":15,"column":0},"end":{"line":15,"column":47}},"15":{"start":{"line":16,"column":0},"end":{"line":16,"column":49}},"16":{"start":{"line":17,"column":0},"end":{"line":17,"column":39}},"17":{"start":{"line":18,"column":0},"end":{"line":18,"column":5}},"18":{"start":{"line":19,"column":0},"end":{"line":19,"column":3}},"19":{"start":{"line":20,"column":0},"end":{"line":20,"column":1}}},"s":{"2":1,"3":118,"4":118,"6":118,"7":707,"8":118,"10":1,"11":80,"13":1,"14":39,"15":228,"16":1394,"17":1394,"18":228,"19":39},"branchMap":{"0":{"type":"branch","line":3,"loc":{"start":{"line":3,"column":26},"end":{"line":9,"column":4}},"locations":[{"start":{"line":3,"column":26},"end":{"line":9,"column":4}}]},"1":{"type":"branch","line":7,"loc":{"start":{"line":7,"column":31},"end":{"line":8,"column":66}},"locations":[{"start":{"line":7,"column":31},"end":{"line":8,"column":66}}]},"2":{"type":"branch","line":8,"loc":{"start":{"line":8,"column":33},"end":{"line":8,"column":65}},"locations":[{"start":{"line":8,"column":33},"end":{"line":8,"column":65}}]},"3":{"type":"branch","line":11,"loc":{"start":{"line":11,"column":33},"end":{"line":12,"column":28}},"locations":[{"start":{"line":11,"column":33},"end":{"line":12,"column":28}}]},"4":{"type":"branch","line":12,"loc":{"start":{"line":12,"column":19},"end":{"line":12,"column":26}},"locations":[{"start":{"line":12,"column":19},"end":{"line":12,"column":26}}]},"5":{"type":"branch","line":14,"loc":{"start":{"line":14,"column":7},"end":{"line":20,"column":1}},"locations":[{"start":{"line":14,"column":7},"end":{"line":20,"column":1}}]},"6":{"type":"branch","line":15,"loc":{"start":{"line":15,"column":46},"end":{"line":19,"column":3}},"locations":[{"start":{"line":15,"column":46},"end":{"line":19,"column":3}}]},"7":{"type":"branch","line":16,"loc":{"start":{"line":16,"column":48},"end":{"line":18,"column":5}},"locations":[{"start":{"line":16,"column":48},"end":{"line":18,"column":5}}]}},"b":{"0":[118],"1":[707],"2":[4451],"3":[80],"4":[3045],"5":[39],"6":[228],"7":[1394]},"fnMap":{"0":{"name":"createGrid","decl":{"start":{"line":3,"column":26},"end":{"line":9,"column":4}},"loc":{"start":{"line":3,"column":26},"end":{"line":9,"column":4}},"line":3},"1":{"name":"createUniformGrid","decl":{"start":{"line":11,"column":33},"end":{"line":12,"column":28}},"loc":{"start":{"line":11,"column":33},"end":{"line":12,"column":28}},"line":11},"2":{"name":"cells","decl":{"start":{"line":14,"column":7},"end":{"line":20,"column":1}},"loc":{"start":{"line":14,"column":7},"end":{"line":20,"column":1}},"line":14}},"f":{"0":118,"1":80,"2":39}}
,"/Users/pete/projects/games/queens/src/model/rules.ts": {"path":"/Users/pete/projects/games/queens/src/model/rules.ts","all":false,"statementMap":{"0":{"start":{"line":1,"column":0},"end":{"line":1,"column":34}},"18":{"start":{"line":19,"column":0},"end":{"line":19,"column":34}},"19":{"start":{"line":20,"column":0},"end":{"line":20,"column":15}},"20":{"start":{"line":21,"column":0},"end":{"line":21,"column":25}},"21":{"start":{"line":22,"column":0},"end":{"line":22,"column":24}},"22":{"start":{"line":23,"column":0},"end":{"line":23,"column":48}},"23":{"start":{"line":24,"column":0},"end":{"line":24,"column":20}},"24":{"start":{"line":25,"column":0},"end":{"line":25,"column":19}},"25":{"start":{"line":26,"column":0},"end":{"line":26,"column":49}},"27":{"start":{"line":28,"column":0},"end":{"line":28,"column":42}},"28":{"start":{"line":29,"column":0},"end":{"line":29,"column":42}},"30":{"start":{"line":31,"column":0},"end":{"line":31,"column":40}},"31":{"start":{"line":32,"column":0},"end":{"line":32,"column":30}},"32":{"start":{"line":33,"column":0},"end":{"line":33,"column":38}},"33":{"start":{"line":34,"column":0},"end":{"line":34,"column":32}},"34":{"start":{"line":35,"column":0},"end":{"line":35,"column":37}},"35":{"start":{"line":36,"column":0},"end":{"line":36,"column":20}},"36":{"start":{"line":37,"column":0},"end":{"line":37,"column":41}},"37":{"start":{"line":38,"column":0},"end":{"line":38,"column":41}},"38":{"start":{"line":39,"column":0},"end":{"line":39,"column":47}},"39":{"start":{"line":40,"column":0},"end":{"line":40,"column":29}},"40":{"start":{"line":41,"column":0},"end":{"line":41,"column":28}},"41":{"start":{"line":42,"column":0},"end":{"line":42,"column":37}},"42":{"start":{"line":43,"column":0},"end":{"line":43,"column":9}},"43":{"start":{"line":44,"column":0},"end":{"line":44,"column":29}},"44":{"start":{"line":45,"column":0},"end":{"line":45,"column":44}},"45":{"start":{"line":46,"column":0},"end":{"line":46,"column":19}},"46":{"start":{"line":47,"column":0},"end":{"line":47,"column":7}},"47":{"start":{"line":48,"column":0},"end":{"line":48,"column":5}},"48":{"start":{"line":49,"column":0},"end":{"line":49,"column":3}},"50":{"start":{"line":51,"column":0},"end":{"line":51,"column":42}},"51":{"start":{"line":52,"column":0},"end":{"line":52,"column":37}},"52":{"start":{"line":53,"column":0},"end":{"line":53,"column":35}},"53":{"start":{"line":54,"column":0},"end":{"line":54,"column":42}},"54":{"start":{"line":55,"column":0},"end":{"line":55,"column":37}},"55":{"start":{"line":56,"column":0},"end":{"line":56,"column":35}},"57":{"start":{"line":58,"column":0},"end":{"line":58,"column":50}},"59":{"start":{"line":60,"column":0},"end":{"line":60,"column":52}},"60":{"start":{"line":61,"column":0},"end":{"line":61,"column":31}},"61":{"start":{"line":62,"column":0},"end":{"line":62,"column":27}},"62":{"start":{"line":63,"column":0},"end":{"line":63,"column":10}},"63":{"start":{"line":64,"column":0},"end":{"line":64,"column":40}},"64":{"start":{"line":65,"column":0},"end":{"line":65,"column":40}},"65":{"start":{"line":66,"column":0},"end":{"line":66,"column":40}},"66":{"start":{"line":67,"column":0},"end":{"line":67,"column":37}},"67":{"start":{"line":68,"column":0},"end":{"line":68,"column":9}},"68":{"start":{"line":69,"column":0},"end":{"line":69,"column":42}},"69":{"start":{"line":70,"column":0},"end":{"line":70,"column":7}},"70":{"start":{"line":71,"column":0},"end":{"line":71,"column":7}},"71":{"start":{"line":72,"column":0},"end":{"line":72,"column":46}},"72":{"start":{"line":73,"column":0},"end":{"line":73,"column":24}},"73":{"start":{"line":74,"column":0},"end":{"line":74,"column":5}},"75":{"start":{"line":76,"column":0},"end":{"line":76,"column":6}},"76":{"start":{"line":77,"column":0},"end":{"line":77,"column":31}},"77":{"start":{"line":78,"column":0},"end":{"line":78,"column":31}},"78":{"start":{"line":79,"column":0},"end":{"line":79,"column":32}},"79":{"start":{"line":80,"column":0},"end":{"line":80,"column":33}},"80":{"start":{"line":81,"column":0},"end":{"line":81,"column":5}},"81":{"start":{"line":82,"column":0},"end":{"line":82,"column":37}},"82":{"start":{"line":83,"column":0},"end":{"line":83,"column":27}},"83":{"start":{"line":84,"column":0},"end":{"line":84,"column":48}},"84":{"start":{"line":85,"column":0},"end":{"line":85,"column":30}},"85":{"start":{"line":86,"column":0},"end":{"line":86,"column":31}},"86":{"start":{"line":87,"column":0},"end":{"line":87,"column":3}},"88":{"start":{"line":89,"column":0},"end":{"line":89,"column":10}},"89":{"start":{"line":90,"column":0},"end":{"line":90,"column":21}},"90":{"start":{"line":91,"column":0},"end":{"line":91,"column":47}},"91":{"start":{"line":92,"column":0},"end":{"line":92,"column":16}},"92":{"start":{"line":93,"column":0},"end":{"line":93,"column":16}},"93":{"start":{"line":94,"column":0},"end":{"line":94,"column":21}},"94":{"start":{"line":95,"column":0},"end":{"line":95,"column":4}},"95":{"start":{"line":96,"column":0},"end":{"line":96,"column":2}}},"s":{"0":1,"18":1,"19":29,"20":29,"21":29,"22":29,"23":29,"24":29,"25":29,"27":29,"28":29,"30":29,"31":163,"32":163,"33":955,"34":955,"35":83,"36":83,"37":83,"38":83,"39":83,"40":83,"41":33,"42":33,"43":83,"44":955,"45":842,"46":842,"47":955,"48":163,"50":29,"51":29,"52":29,"53":29,"54":29,"55":29,"57":29,"59":29,"60":67,"61":67,"62":83,"63":83,"64":63,"65":56,"66":48,"67":83,"68":47,"69":47,"70":67,"71":67,"72":67,"73":29,"75":29,"76":29,"77":21,"78":19,"79":14,"80":29,"81":12,"82":1,"83":11,"84":5,"85":6,"86":12,"88":17,"89":17,"90":17,"91":17,"92":17,"93":17,"94":17,"95":17},"branchMap":{"0":{"type":"branch","line":19,"loc":{"start":{"line":19,"column":33},"end":{"line":96,"column":2}},"locations":[{"start":{"line":19,"column":33},"end":{"line":96,"column":2}}]},"1":{"type":"branch","line":31,"loc":{"start":{"line":31,"column":39},"end":{"line":49,"column":3}},"locations":[{"start":{"line":31,"column":39},"end":{"line":49,"column":3}}]},"2":{"type":"branch","line":33,"loc":{"start":{"line":33,"column":37},"end":{"line":48,"column":5}},"locations":[{"start":{"line":33,"column":37},"end":{"line":48,"column":5}}]},"3":{"type":"branch","line":35,"loc":{"start":{"line":35,"column":36},"end":{"line":45,"column":17}},"locations":[{"start":{"line":35,"column":36},"end":{"line":45,"column":17}}]},"4":{"type":"branch","line":37,"loc":{"start":{"line":37,"column":29},"end":{"line":37,"column":39}},"locations":[{"start":{"line":37,"column":29},"end":{"line":37,"column":39}}]},"5":{"type":"branch","line":38,"loc":{"start":{"line":38,"column":29},"end":{"line":38,"column":39}},"locations":[{"start":{"line":38,"column":29},"end":{"line":38,"column":39}}]},"6":{"type":"branch","line":39,"loc":{"start":{"line":39,"column":32},"end":{"line":39,"column":47}},"locations":[{"start":{"line":39,"column":32},"end":{"line":39,"column":47}}]},"7":{"type":"branch","line":41,"loc":{"start":{"line":41,"column":27},"end":{"line":43,"column":9}},"locations":[{"start":{"line":41,"column":27},"end":{"line":43,"column":9}}]},"8":{"type":"branch","line":45,"loc":{"start":{"line":45,"column":6},"end":{"line":47,"column":7}},"locations":[{"start":{"line":45,"column":6},"end":{"line":47,"column":7}}]},"9":{"type":"branch","line":45,"loc":{"start":{"line":45,"column":43},"end":{"line":47,"column":7}},"locations":[{"start":{"line":45,"column":43},"end":{"line":47,"column":7}}]},"10":{"type":"branch","line":77,"loc":{"start":{"line":77,"column":27},"end":{"line":78,"column":31}},"locations":[{"start":{"line":77,"column":27},"end":{"line":78,"column":31}}]},"11":{"type":"branch","line":78,"loc":{"start":{"line":78,"column":27},"end":{"line":79,"column":32}},"locations":[{"start":{"line":78,"column":27},"end":{"line":79,"column":32}}]},"12":{"type":"branch","line":79,"loc":{"start":{"line":79,"column":28},"end":{"line":80,"column":33}},"locations":[{"start":{"line":79,"column":28},"end":{"line":80,"column":33}}]},"13":{"type":"branch","line":81,"loc":{"start":{"line":81,"column":4},"end":{"line":87,"column":3}},"locations":[{"start":{"line":81,"column":4},"end":{"line":87,"column":3}}]},"14":{"type":"branch","line":82,"loc":{"start":{"line":82,"column":31},"end":{"line":83,"column":27}},"locations":[{"start":{"line":82,"column":31},"end":{"line":83,"column":27}}]},"15":{"type":"branch","line":83,"loc":{"start":{"line":83,"column":26},"end":{"line":86,"column":31}},"locations":[{"start":{"line":83,"column":26},"end":{"line":86,"column":31}}]},"16":{"type":"branch","line":84,"loc":{"start":{"line":84,"column":42},"end":{"line":85,"column":30}},"locations":[{"start":{"line":84,"column":42},"end":{"line":85,"column":30}}]},"17":{"type":"branch","line":85,"loc":{"start":{"line":85,"column":29},"end":{"line":86,"column":31}},"locations":[{"start":{"line":85,"column":29},"end":{"line":86,"column":31}}]},"18":{"type":"branch","line":87,"loc":{"start":{"line":87,"column":2},"end":{"line":96,"column":2}},"locations":[{"start":{"line":87,"column":2},"end":{"line":96,"column":2}}]},"19":{"type":"branch","line":52,"loc":{"start":{"line":52,"column":12},"end":{"line":52,"column":36}},"locations":[{"start":{"line":52,"column":12},"end":{"line":52,"column":36}}]},"20":{"type":"branch","line":53,"loc":{"start":{"line":53,"column":9},"end":{"line":53,"column":33}},"locations":[{"start":{"line":53,"column":9},"end":{"line":53,"column":33}}]},"21":{"type":"branch","line":55,"loc":{"start":{"line":55,"column":12},"end":{"line":55,"column":36}},"locations":[{"start":{"line":55,"column":12},"end":{"line":55,"column":36}}]},"22":{"type":"branch","line":56,"loc":{"start":{"line":56,"column":9},"end":{"line":56,"column":33}},"locations":[{"start":{"line":56,"column":9},"end":{"line":56,"column":33}}]},"23":{"type":"branch","line":60,"loc":{"start":{"line":60,"column":33},"end":{"line":74,"column":3}},"locations":[{"start":{"line":60,"column":33},"end":{"line":74,"column":3}}]},"24":{"type":"branch","line":62,"loc":{"start":{"line":62,"column":17},"end":{"line":71,"column":5}},"locations":[{"start":{"line":62,"column":17},"end":{"line":71,"column":5}}]},"25":{"type":"branch","line":64,"loc":{"start":{"line":64,"column":22},"end":{"line":64,"column":29}},"locations":[{"start":{"line":64,"column":22},"end":{"line":64,"column":29}}]},"26":{"type":"branch","line":64,"loc":{"start":{"line":64,"column":36},"end":{"line":65,"column":40}},"locations":[{"start":{"line":64,"column":36},"end":{"line":65,"column":40}}]},"27":{"type":"branch","line":65,"loc":{"start":{"line":65,"column":22},"end":{"line":65,"column":29}},"locations":[{"start":{"line":65,"column":22},"end":{"line":65,"column":29}}]},"28":{"type":"branch","line":65,"loc":{"start":{"line":65,"column":36},"end":{"line":66,"column":40}},"locations":[{"start":{"line":65,"column":36},"end":{"line":66,"column":40}}]},"29":{"type":"branch","line":66,"loc":{"start":{"line":66,"column":22},"end":{"line":66,"column":29}},"locations":[{"start":{"line":66,"column":22},"end":{"line":66,"column":29}}]},"30":{"type":"branch","line":66,"loc":{"start":{"line":66,"column":36},"end":{"line":67,"column":37}},"locations":[{"start":{"line":66,"column":36},"end":{"line":67,"column":37}}]},"31":{"type":"branch","line":67,"loc":{"start":{"line":67,"column":22},"end":{"line":67,"column":29}},"locations":[{"start":{"line":67,"column":22},"end":{"line":67,"column":29}}]},"32":{"type":"branch","line":68,"loc":{"start":{"line":68,"column":8},"end":{"line":70,"column":7}},"locations":[{"start":{"line":68,"column":8},"end":{"line":70,"column":7}}]}},"b":{"0":[29],"1":[163],"2":[955],"3":[83],"4":[67],"5":[67],"6":[67],"7":[33],"8":[872],"9":[842],"10":[21],"11":[19],"12":[14],"13":[12],"14":[1],"15":[11],"16":[5],"17":[6],"18":[17],"19":[67],"20":[12],"21":[67],"22":[10],"23":[67],"24":[83],"25":[48],"26":[63],"27":[28],"28":[56],"29":[41],"30":[48],"31":[33],"32":[47]},"fnMap":{"0":{"name":"validateSelection","decl":{"start":{"line":19,"column":33},"end":{"line":96,"column":2}},"loc":{"start":{"line":19,"column":33},"end":{"line":96,"column":2}},"line":19}},"f":{"0":29}}
,"/Users/pete/projects/games/queens/src/model/selected.ts": {"path":"/Users/pete/projects/games/queens/src/model/selected.ts","all":false,"statementMap":{"0":{"start":{"line":1,"column":0},"end":{"line":1,"column":43}},"7":{"start":{"line":8,"column":0},"end":{"line":8,"column":60}},"8":{"start":{"line":9,"column":0},"end":{"line":9,"column":41}},"10":{"start":{"line":11,"column":0},"end":{"line":11,"column":23}},"11":{"start":{"line":12,"column":0},"end":{"line":12,"column":22}},"12":{"start":{"line":13,"column":0},"end":{"line":13,"column":14}},"13":{"start":{"line":14,"column":0},"end":{"line":14,"column":13}},"14":{"start":{"line":15,"column":0},"end":{"line":15,"column":21}},"15":{"start":{"line":16,"column":0},"end":{"line":16,"column":33}},"16":{"start":{"line":17,"column":0},"end":{"line":17,"column":49}},"17":{"start":{"line":18,"column":0},"end":{"line":18,"column":24}},"18":{"start":{"line":19,"column":0},"end":{"line":19,"column":14}},"19":{"start":{"line":20,"column":0},"end":{"line":20,"column":2}}},"s":{"0":1,"7":1,"8":42,"10":1,"11":5,"12":5,"13":5,"14":5,"15":5,"16":5,"17":5,"18":5,"19":5},"branchMap":{"0":{"type":"branch","line":8,"loc":{"start":{"line":8,"column":29},"end":{"line":9,"column":41}},"locations":[{"start":{"line":8,"column":29},"end":{"line":9,"column":41}}]},"1":{"type":"branch","line":11,"loc":{"start":{"line":11,"column":22},"end":{"line":20,"column":2}},"locations":[{"start":{"line":11,"column":22},"end":{"line":20,"column":2}}]}},"b":{"0":[42],"1":[5]},"fnMap":{"0":{"name":"createInitial","decl":{"start":{"line":8,"column":29},"end":{"line":9,"column":41}},"loc":{"start":{"line":8,"column":29},"end":{"line":9,"column":41}},"line":8},"1":{"name":"toggle","decl":{"start":{"line":11,"column":22},"end":{"line":20,"column":2}},"loc":{"start":{"line":11,"column":22},"end":{"line":20,"column":2}},"line":11}},"f":{"0":42,"1":5}}
,"/Users/pete/projects/games/queens/src/model/types.ts": {"path":"/Users/pete/projects/games/queens/src/model/types.ts","all":false,"statementMap":{},"s":{},"branchMap":{},"b":{},"fnMap":{},"f":{}}
,"/Users/pete/projects/games/queens/src/utils/lcg.ts": {"path":"/Users/pete/projects/games/queens/src/utils/lcg.ts","all":false,"statementMap":{"0":{"start":{"line":1,"column":0},"end":{"line":1,"column":31}},"1":{"start":{"line":2,"column":0},"end":{"line":2,"column":31}},"2":{"start":{"line":3,"column":0},"end":{"line":3,"column":20}},"4":{"start":{"line":5,"column":0},"end":{"line":5,"column":38}},"5":{"start":{"line":6,"column":0},"end":{"line":6,"column":18}},"6":{"start":{"line":7,"column":0},"end":{"line":7,"column":43}},"7":{"start":{"line":8,"column":0},"end":{"line":8,"column":3}},"8":{"start":{"line":9,"column":0},"end":{"line":9,"column":18}},"9":{"start":{"line":10,"column":0},"end":{"line":10,"column":57}},"10":{"start":{"line":11,"column":0},"end":{"line":11,"column":3}},"12":{"start":{"line":13,"column":0},"end":{"line":13,"column":27}},"14":{"start":{"line":15,"column":0},"end":{"line":15,"column":36}},"15":{"start":{"line":16,"column":0},"end":{"line":16,"column":48}},"16":{"start":{"line":17,"column":0},"end":{"line":17,"column":52}},"17":{"start":{"line":18,"column":0},"end":{"line":18,"column":17}},"18":{"start":{"line":19,"column":0},"end":{"line":19,"column":4}},"20":{"start":{"line":21,"column":0},"end":{"line":21,"column":28}},"21":{"start":{"line":22,"column":0},"end":{"line":22,"column":57}},"23":{"start":{"line":24,"column":0},"end":{"line":24,"column":10}},"24":{"start":{"line":25,"column":0},"end":{"line":25,"column":9}},"25":{"start":{"line":26,"column":0},"end":{"line":26,"column":15}},"26":{"start":{"line":27,"column":0},"end":{"line":27,"column":4}},"27":{"start":{"line":28,"column":0},"end":{"line":28,"column":1}}},"s":{"0":1,"1":1,"2":1,"4":1,"5":45,"6":0,"7":0,"8":45,"9":0,"10":0,"12":45,"14":45,"15":4244,"16":4244,"17":4244,"18":4244,"20":45,"21":4244,"23":45,"24":45,"25":45,"26":45,"27":45},"branchMap":{"0":{"type":"branch","line":5,"loc":{"start":{"line":5,"column":7},"end":{"line":28,"column":1}},"locations":[{"start":{"line":5,"column":7},"end":{"line":28,"column":1}}]},"1":{"type":"branch","line":6,"loc":{"start":{"line":6,"column":17},"end":{"line":8,"column":3}},"locations":[{"start":{"line":6,"column":17},"end":{"line":8,"column":3}}]},"2":{"type":"branch","line":9,"loc":{"start":{"line":9,"column":17},"end":{"line":11,"column":3}},"locations":[{"start":{"line":9,"column":17},"end":{"line":11,"column":3}}]},"3":{"type":"branch","line":15,"loc":{"start":{"line":15,"column":21},"end":{"line":19,"column":4}},"locations":[{"start":{"line":15,"column":21},"end":{"line":19,"column":4}}]},"4":{"type":"branch","line":21,"loc":{"start":{"line":21,"column":15},"end":{"line":22,"column":57}},"locations":[{"start":{"line":21,"column":15},"end":{"line":22,"column":57}}]}},"b":{"0":[45],"1":[0],"2":[0],"3":[4244],"4":[4244]},"fnMap":{"0":{"name":"create","decl":{"start":{"line":5,"column":7},"end":{"line":28,"column":1}},"loc":{"start":{"line":5,"column":7},"end":{"line":28,"column":1}},"line":5},"1":{"name":"randBigint","decl":{"start":{"line":15,"column":21},"end":{"line":19,"column":4}},"loc":{"start":{"line":15,"column":21},"end":{"line":19,"column":4}},"line":15},"2":{"name":"rand","decl":{"start":{"line":21,"column":15},"end":{"line":22,"column":57}},"loc":{"start":{"line":21,"column":15},"end":{"line":22,"column":57}},"line":21}},"f":{"0":45,"1":4244,"2":4244}}
,"/Users/pete/projects/games/queens/src/utils/random.ts": {"path":"/Users/pete/projects/games/queens/src/utils/random.ts","all":false,"statementMap":{"0":{"start":{"line":1,"column":0},"end":{"line":1,"column":31}},"3":{"start":{"line":4,"column":0},"end":{"line":4,"column":47}},"4":{"start":{"line":5,"column":0},"end":{"line":5,"column":35}},"5":{"start":{"line":6,"column":0},"end":{"line":6,"column":10}},"6":{"start":{"line":7,"column":0},"end":{"line":7,"column":18}},"7":{"start":{"line":8,"column":0},"end":{"line":8,"column":24}},"8":{"start":{"line":9,"column":0},"end":{"line":9,"column":26}},"9":{"start":{"line":10,"column":0},"end":{"line":10,"column":4}},"10":{"start":{"line":11,"column":0},"end":{"line":11,"column":2}},"12":{"start":{"line":13,"column":0},"end":{"line":13,"column":45}},"13":{"start":{"line":14,"column":0},"end":{"line":14,"column":35}},"14":{"start":{"line":15,"column":0},"end":{"line":15,"column":44}},"15":{"start":{"line":16,"column":0},"end":{"line":16,"column":2}},"17":{"start":{"line":18,"column":0},"end":{"line":18,"column":48}},"18":{"start":{"line":19,"column":0},"end":{"line":19,"column":29}},"20":{"start":{"line":21,"column":0},"end":{"line":21,"column":34}},"21":{"start":{"line":22,"column":0},"end":{"line":22,"column":37}},"23":{"start":{"line":24,"column":0},"end":{"line":24,"column":56}},"24":{"start":{"line":25,"column":0},"end":{"line":25,"column":44}},"25":{"start":{"line":26,"column":0},"end":{"line":26,"column":46}},"26":{"start":{"line":27,"column":0},"end":{"line":27,"column":25}},"27":{"start":{"line":28,"column":0},"end":{"line":28,"column":25}},"28":{"start":{"line":29,"column":0},"end":{"line":29,"column":8}},"29":{"start":{"line":30,"column":0},"end":{"line":30,"column":5}},"31":{"start":{"line":32,"column":0},"end":{"line":32,"column":25}},"32":{"start":{"line":33,"column":0},"end":{"line":33,"column":4}},"33":{"start":{"line":34,"column":0},"end":{"line":34,"column":2}},"35":{"start":{"line":36,"column":0},"end":{"line":36,"column":49}},"36":{"start":{"line":37,"column":0},"end":{"line":37,"column":29}},"37":{"start":{"line":38,"column":0},"end":{"line":38,"column":66}},"38":{"start":{"line":39,"column":0},"end":{"line":39,"column":43}},"39":{"start":{"line":40,"column":0},"end":{"line":40,"column":2}}},"s":{"0":1,"3":1,"4":79,"5":79,"6":79,"7":79,"8":79,"9":79,"10":79,"12":1,"13":237,"14":237,"15":237,"17":1,"18":158,"20":158,"21":341,"23":341,"24":1884,"25":1884,"26":1884,"27":1884,"28":1884,"29":1884,"31":341,"32":341,"33":158,"35":1,"36":79,"37":79,"38":0,"39":79},"branchMap":{"0":{"type":"branch","line":4,"loc":{"start":{"line":4,"column":22},"end":{"line":11,"column":2}},"locations":[{"start":{"line":4,"column":22},"end":{"line":11,"column":2}}]},"1":{"type":"branch","line":5,"loc":{"start":{"line":5,"column":12},"end":{"line":5,"column":35}},"locations":[{"start":{"line":5,"column":12},"end":{"line":5,"column":35}}]},"2":{"type":"branch","line":13,"loc":{"start":{"line":13,"column":20},"end":{"line":16,"column":2}},"locations":[{"start":{"line":13,"column":20},"end":{"line":16,"column":2}}]},"3":{"type":"branch","line":14,"loc":{"start":{"line":14,"column":12},"end":{"line":14,"column":35}},"locations":[{"start":{"line":14,"column":12},"end":{"line":14,"column":35}}]},"4":{"type":"branch","line":15,"loc":{"start":{"line":15,"column":9},"end":{"line":15,"column":44}},"locations":[{"start":{"line":15,"column":9},"end":{"line":15,"column":44}}]},"5":{"type":"branch","line":18,"loc":{"start":{"line":18,"column":23},"end":{"line":34,"column":2}},"locations":[{"start":{"line":18,"column":23},"end":{"line":34,"column":2}}]},"6":{"type":"branch","line":21,"loc":{"start":{"line":21,"column":9},"end":{"line":33,"column":4}},"locations":[{"start":{"line":21,"column":9},"end":{"line":33,"column":4}}]},"7":{"type":"branch","line":24,"loc":{"start":{"line":24,"column":55},"end":{"line":30,"column":5}},"locations":[{"start":{"line":24,"column":55},"end":{"line":30,"column":5}}]},"8":{"type":"branch","line":36,"loc":{"start":{"line":36,"column":24},"end":{"line":40,"column":2}},"locations":[{"start":{"line":36,"column":24},"end":{"line":40,"column":2}}]}},"b":{"0":[79],"1":[0],"2":[237],"3":[0],"4":[4244],"5":[158],"6":[341],"7":[1884],"8":[79]},"fnMap":{"0":{"name":"random","decl":{"start":{"line":4,"column":22},"end":{"line":11,"column":2}},"loc":{"start":{"line":4,"column":22},"end":{"line":11,"column":2}},"line":4},"1":{"name":"rand","decl":{"start":{"line":13,"column":20},"end":{"line":16,"column":2}},"loc":{"start":{"line":13,"column":20},"end":{"line":16,"column":2}},"line":13},"2":{"name":"shuffle","decl":{"start":{"line":18,"column":23},"end":{"line":34,"column":2}},"loc":{"start":{"line":18,"column":23},"end":{"line":34,"column":2}},"line":18},"3":{"name":"shuffleT","decl":{"start":{"line":36,"column":24},"end":{"line":40,"column":2}},"loc":{"start":{"line":36,"column":24},"end":{"line":40,"column":2}},"line":36}},"f":{"0":79,"1":237,"2":158,"3":79}}
,"/Users/pete/projects/games/queens/src/utils/types.ts": {"path":"/Users/pete/projects/games/queens/src/utils/types.ts","all":true,"statementMap":{},"s":{},"branchMap":{"0":{"type":"branch","line":1,"loc":{"start":{"line":1,"column":237},"end":{"line":9,"column":30}},"locations":[{"start":{"line":1,"column":237},"end":{"line":9,"column":30}}]}},"b":{"0":[1]},"fnMap":{"0":{"name":"(empty-report)","decl":{"start":{"line":1,"column":237},"end":{"line":9,"column":30}},"loc":{"start":{"line":1,"column":237},"end":{"line":9,"column":30}},"line":1}},"f":{"0":1}}
}
